2025-12-08 13:01:06,291 INFO o.a.j.u.JMeterUtils: Setting Locale to en_EN
2025-12-08 13:01:06,315 INFO o.a.j.JMeter: Loading user properties from: C:\Users\Asus\Documents\apache-jmeter-5.6.3\apache-jmeter-5.6.3\bin\user.properties
2025-12-08 13:01:06,317 INFO o.a.j.JMeter: Loading system properties from: C:\Users\Asus\Documents\apache-jmeter-5.6.3\apache-jmeter-5.6.3\bin\system.properties
2025-12-08 13:01:06,330 INFO o.a.j.JMeter: Copyright (c) 1998-2024 The Apache Software Foundation
2025-12-08 13:01:06,330 INFO o.a.j.JMeter: Version 5.6.3
2025-12-08 13:01:06,330 INFO o.a.j.JMeter: java.version=25.0.1
2025-12-08 13:01:06,330 INFO o.a.j.JMeter: java.vm.name=Java HotSpot(TM) 64-Bit Server VM
2025-12-08 13:01:06,331 INFO o.a.j.JMeter: os.name=Windows 11
2025-12-08 13:01:06,331 INFO o.a.j.JMeter: os.arch=amd64
2025-12-08 13:01:06,331 INFO o.a.j.JMeter: os.version=10.0
2025-12-08 13:01:06,331 INFO o.a.j.JMeter: file.encoding=UTF-8
2025-12-08 13:01:06,331 INFO o.a.j.JMeter: java.awt.headless=true
2025-12-08 13:01:06,331 INFO o.a.j.JMeter: Max memory     =1073741824
2025-12-08 13:01:06,331 INFO o.a.j.JMeter: Available Processors =16
2025-12-08 13:01:06,356 INFO o.a.j.JMeter: Default Locale=English (EN)
2025-12-08 13:01:06,357 INFO o.a.j.JMeter: JMeter  Locale=English (EN)
2025-12-08 13:01:06,357 INFO o.a.j.JMeter: JMeterHome=C:\Users\Asus\Documents\apache-jmeter-5.6.3\apache-jmeter-5.6.3
2025-12-08 13:01:06,357 INFO o.a.j.JMeter: user.dir  =C:\xampp\htdocs\BanDienThoai-main
2025-12-08 13:01:06,358 INFO o.a.j.JMeter: PWD       =C:\xampp\htdocs\BanDienThoai-main
2025-12-08 13:01:11,611 INFO o.a.j.JMeter: IP: 26.166.153.168 Name: LAPTOP-KM2HSHKQ FullName: LAPTOP-KM2HSHKQ
2025-12-08 13:01:11,641 INFO o.a.j.s.FileServer: Default base='C:\xampp\htdocs\BanDienThoai-main'
2025-12-08 13:01:11,642 INFO o.a.j.s.FileServer: Set new base='C:\xampp\htdocs\BanDienThoai-main'
2025-12-08 13:01:12,096 INFO o.a.j.s.SaveService: Testplan (JMX) version: 2.2. Testlog (JTL) version: 2.2
2025-12-08 13:01:12,131 INFO o.a.j.s.SaveService: Using SaveService properties version 5.0
2025-12-08 13:01:12,137 INFO o.a.j.s.SaveService: Using SaveService properties file encoding UTF-8
2025-12-08 13:01:12,144 INFO o.a.j.s.SaveService: Loading file: kiem_thu_hieu_nang_client.jmx
2025-12-08 13:01:12,202 INFO o.a.j.p.h.c.CookieManager: Settings: Delete null: true Check: true Allow variable: true Save: false Prefix: COOKIE_
2025-12-08 13:01:12,241 INFO o.a.j.p.h.s.HTTPSamplerBase: Parser for text/html is org.apache.jmeter.protocol.http.parser.LagartoBasedHtmlParser
2025-12-08 13:01:12,241 INFO o.a.j.p.h.s.HTTPSamplerBase: Parser for application/xhtml+xml is org.apache.jmeter.protocol.http.parser.LagartoBasedHtmlParser
2025-12-08 13:01:12,241 INFO o.a.j.p.h.s.HTTPSamplerBase: Parser for application/xml is org.apache.jmeter.protocol.http.parser.LagartoBasedHtmlParser
2025-12-08 13:01:12,241 INFO o.a.j.p.h.s.HTTPSamplerBase: Parser for text/xml is org.apache.jmeter.protocol.http.parser.LagartoBasedHtmlParser
2025-12-08 13:01:12,242 INFO o.a.j.p.h.s.HTTPSamplerBase: Parser for text/vnd.wap.wml is org.apache.jmeter.protocol.http.parser.RegexpHTMLParser
2025-12-08 13:01:12,242 INFO o.a.j.p.h.s.HTTPSamplerBase: Parser for text/css is org.apache.jmeter.protocol.http.parser.CssParser
2025-12-08 13:01:12,299 INFO o.a.j.JMeter: Creating summariser <summary>
2025-12-08 13:01:12,327 INFO o.a.j.e.StandardJMeterEngine: Running the test!
2025-12-08 13:01:12,329 INFO o.a.j.s.SampleEvent: List of sample_variables: []
2025-12-08 13:01:12,329 INFO o.a.j.s.SampleEvent: List of sample_variables: []
2025-12-08 13:01:12,339 INFO o.a.j.e.u.CompoundVariable: Note: Function class names must contain the string: '.functions.'
2025-12-08 13:01:12,340 INFO o.a.j.e.u.CompoundVariable: Note: Function class names must not contain the string: '.gui.'
2025-12-08 13:01:12,519 INFO o.a.j.JMeter: Running test (1765173672518)
2025-12-08 13:01:12,556 INFO o.a.j.e.StandardJMeterEngine: Starting ThreadGroup: 1 : Thread Group
2025-12-08 13:01:12,557 INFO o.a.j.e.StandardJMeterEngine: Starting 100 threads for group Thread Group.
2025-12-08 13:01:12,557 INFO o.a.j.e.StandardJMeterEngine: Thread will continue on error
2025-12-08 13:01:12,557 INFO o.a.j.t.ThreadGroup: Starting thread group... number=1 threads=100 ramp-up=10 delayedStart=false
2025-12-08 13:01:12,569 INFO o.a.j.t.JMeterThread: Thread started: Thread Group 1-1
2025-12-08 13:01:12,604 INFO o.a.j.p.h.s.HTTPHCAbstractImpl: Local host = LAPTOP-KM2HSHKQ
2025-12-08 13:01:12,613 INFO o.a.j.p.h.s.HTTPHC4Impl: HTTP request retry count = 0
2025-12-08 13:01:12,616 INFO o.a.j.s.SampleResult: Note: Sample TimeStamps are START times
2025-12-08 13:01:12,616 INFO o.a.j.s.SampleResult: sampleresult.default.encoding is set to UTF-8
2025-12-08 13:01:12,616 INFO o.a.j.s.SampleResult: sampleresult.useNanoTime=true
2025-12-08 13:01:12,616 INFO o.a.j.s.SampleResult: sampleresult.nanoThreadSleep=5000
2025-12-08 13:01:12,639 INFO o.a.j.t.ThreadGroup: Started thread group number 1
2025-12-08 13:01:12,639 INFO o.a.j.e.StandardJMeterEngine: All thread groups have been started
2025-12-08 13:01:12,663 INFO o.a.j.t.JMeterThread: Thread started: Thread Group 1-2
2025-12-08 13:01:12,761 INFO o.a.j.t.JMeterThread: Thread started: Thread Group 1-3
2025-12-08 13:01:12,860 INFO o.a.j.t.JMeterThread: Thread started: Thread Group 1-4
2025-12-08 13:01:12,962 INFO o.a.j.t.JMeterThread: Thread started: Thread Group 1-5
2025-12-08 13:01:13,060 INFO o.a.j.t.JMeterThread: Thread started: Thread Group 1-6
2025-12-08 13:01:13,106 WARN o.a.j.p.h.s.HTTPSamplerBase: Existing CookieManager HTTP Cookie Manager superseded by HTTP Cookie Manager
2025-12-08 13:01:13,108 WARN o.a.j.p.h.s.HTTPSamplerBase: Existing CookieManager HTTP Cookie Manager superseded by HTTP Cookie Manager
2025-12-08 13:01:13,109 WARN o.a.j.p.h.s.HTTPSamplerBase: Existing CookieManager HTTP Cookie Manager superseded by HTTP Cookie Manager
2025-12-08 13:01:13,127 WARN o.a.j.p.h.s.HTTPSamplerBase: Existing CookieManager HTTP Cookie Manager superseded by HTTP Cookie Manager
2025-12-08 13:01:13,160 INFO o.a.j.t.JMeterThread: Thread started: Thread Group 1-7
2025-12-08 13:01:13,225 WARN o.a.j.p.h.s.HTTPSamplerBase: Existing CookieManager HTTP Cookie Manager superseded by HTTP Cookie Manager
2025-12-08 13:01:13,260 INFO o.a.j.t.JMeterThread: Thread started: Thread Group 1-8
2025-12-08 13:01:13,298 WARN o.a.j.p.h.s.HTTPSamplerBase: Existing CookieManager HTTP Cookie Manager superseded by HTTP Cookie Manager
2025-12-08 13:01:13,314 WARN o.a.j.p.h.s.HTTPSamplerBase: Existing CookieManager HTTP Cookie Manager superseded by HTTP Cookie Manager
2025-12-08 13:01:13,322 WARN o.a.j.p.h.s.HTTPSamplerBase: Existing CookieManager HTTP Cookie Manager superseded by HTTP Cookie Manager
2025-12-08 13:01:13,338 WARN o.a.j.p.h.s.HTTPSamplerBase: Existing CookieManager HTTP Cookie Manager superseded by HTTP Cookie Manager
2025-12-08 13:01:13,354 WARN o.a.j.p.h.s.HTTPSamplerBase: Existing CookieManager HTTP Cookie Manager superseded by HTTP Cookie Manager
2025-12-08 13:01:13,361 INFO o.a.j.t.JMeterThread: Thread started: Thread Group 1-9
2025-12-08 13:01:13,432 WARN o.a.j.p.h.s.HTTPSamplerBase: Existing CookieManager HTTP Cookie Manager superseded by HTTP Cookie Manager
2025-12-08 13:01:13,439 WARN o.a.j.p.h.s.HTTPSamplerBase: Existing CookieManager HTTP Cookie Manager superseded by HTTP Cookie Manager
2025-12-08 13:01:13,460 INFO o.a.j.t.JMeterThread: Thread started: Thread Group 1-10
2025-12-08 13:01:13,540 WARN o.a.j.p.h.s.HTTPSamplerBase: Existing CookieManager HTTP Cookie Manager superseded by HTTP Cookie Manager
2025-12-08 13:01:13,544 WARN o.a.j.p.h.s.HTTPSamplerBase: Existing CookieManager HTTP Cookie Manager superseded by HTTP Cookie Manager
2025-12-08 13:01:13,547 WARN o.a.j.p.h.s.HTTPSamplerBase: Existing CookieManager HTTP Cookie Manager superseded by HTTP Cookie Manager
2025-12-08 13:01:13,547 WARN o.a.j.p.h.s.HTTPSamplerBase: Existing CookieManager HTTP Cookie Manager superseded by HTTP Cookie Manager
2025-12-08 13:01:13,550 WARN o.a.j.p.h.s.HTTPSamplerBase: Existing CookieManager HTTP Cookie Manager superseded by HTTP Cookie Manager
2025-12-08 13:01:13,555 WARN o.a.j.p.h.s.HTTPSamplerBase: Existing CookieManager HTTP Cookie Manager superseded by HTTP Cookie Manager
2025-12-08 13:01:13,558 INFO o.a.j.t.JMeterThread: Thread started: Thread Group 1-11
2025-12-08 13:01:13,569 WARN o.a.j.p.h.s.HTTPSamplerBase: Existing CookieManager HTTP Cookie Manager superseded by HTTP Cookie Manager
2025-12-08 13:01:13,612 WARN o.a.j.p.h.s.HTTPSamplerBase: Existing CookieManager HTTP Cookie Manager superseded by HTTP Cookie Manager
2025-12-08 13:01:13,641 WARN o.a.j.p.h.s.HTTPSamplerBase: Existing CookieManager HTTP Cookie Manager superseded by HTTP Cookie Manager
2025-12-08 13:01:13,659 WARN o.a.j.p.h.s.HTTPSamplerBase: Existing CookieManager HTTP Cookie Manager superseded by HTTP Cookie Manager
2025-12-08 13:01:13,660 INFO o.a.j.t.JMeterThread: Thread started: Thread Group 1-12
2025-12-08 13:01:13,758 INFO o.a.j.t.JMeterThread: Thread started: Thread Group 1-13
2025-12-08 13:01:13,775 WARN o.a.j.p.h.s.HTTPSamplerBase: Existing CookieManager HTTP Cookie Manager superseded by HTTP Cookie Manager
2025-12-08 13:01:13,778 WARN o.a.j.p.h.s.HTTPSamplerBase: Existing CookieManager HTTP Cookie Manager superseded by HTTP Cookie Manager
2025-12-08 13:01:13,778 WARN o.a.j.p.h.s.HTTPSamplerBase: Existing CookieManager HTTP Cookie Manager superseded by HTTP Cookie Manager
2025-12-08 13:01:13,779 WARN o.a.j.p.h.s.HTTPSamplerBase: Existing CookieManager HTTP Cookie Manager superseded by HTTP Cookie Manager
2025-12-08 13:01:13,797 WARN o.a.j.p.h.s.HTTPSamplerBase: Existing CookieManager HTTP Cookie Manager superseded by HTTP Cookie Manager
2025-12-08 13:01:13,800 WARN o.a.j.p.h.s.HTTPSamplerBase: Existing CookieManager HTTP Cookie Manager superseded by HTTP Cookie Manager
2025-12-08 13:01:13,805 WARN o.a.j.p.h.s.HTTPSamplerBase: Existing CookieManager HTTP Cookie Manager superseded by HTTP Cookie Manager
2025-12-08 13:01:13,817 WARN o.a.j.p.h.s.HTTPSamplerBase: Existing CookieManager HTTP Cookie Manager superseded by HTTP Cookie Manager
2025-12-08 13:01:13,841 WARN o.a.j.p.h.s.HTTPSamplerBase: Existing CookieManager HTTP Cookie Manager superseded by HTTP Cookie Manager
2025-12-08 13:01:13,859 INFO o.a.j.t.JMeterThread: Thread started: Thread Group 1-14
2025-12-08 13:01:13,873 WARN o.a.j.p.h.s.HTTPSamplerBase: Existing CookieManager HTTP Cookie Manager superseded by HTTP Cookie Manager
2025-12-08 13:01:13,906 WARN o.a.j.p.h.s.HTTPSamplerBase: Existing CookieManager HTTP Cookie Manager superseded by HTTP Cookie Manager
2025-12-08 13:01:13,921 WARN o.a.j.p.h.s.HTTPSamplerBase: Existing CookieManager HTTP Cookie Manager superseded by HTTP Cookie Manager
2025-12-08 13:01:13,962 INFO o.a.j.t.JMeterThread: Thread started: Thread Group 1-15
2025-12-08 13:01:13,992 INFO o.a.j.t.JMeterThread: Thread is done: Thread Group 1-1
2025-12-08 13:01:13,992 INFO o.a.j.t.JMeterThread: Thread finished: Thread Group 1-1
2025-12-08 13:01:13,994 WARN o.a.j.p.h.s.HTTPSamplerBase: Existing CookieManager HTTP Cookie Manager superseded by HTTP Cookie Manager
2025-12-08 13:01:13,998 INFO o.a.j.t.JMeterThread: Thread is done: Thread Group 1-4
2025-12-08 13:01:13,998 INFO o.a.j.t.JMeterThread: Thread finished: Thread Group 1-4
2025-12-08 13:01:14,006 WARN o.a.j.p.h.s.HTTPSamplerBase: Existing CookieManager HTTP Cookie Manager superseded by HTTP Cookie Manager
2025-12-08 13:01:14,008 WARN o.a.j.p.h.s.HTTPSamplerBase: Existing CookieManager HTTP Cookie Manager superseded by HTTP Cookie Manager
2025-12-08 13:01:14,011 WARN o.a.j.p.h.s.HTTPSamplerBase: Existing CookieManager HTTP Cookie Manager superseded by HTTP Cookie Manager
2025-12-08 13:01:14,023 INFO o.a.j.t.JMeterThread: Thread is done: Thread Group 1-2
2025-12-08 13:01:14,024 INFO o.a.j.t.JMeterThread: Thread finished: Thread Group 1-2
2025-12-08 13:01:14,029 WARN o.a.j.p.h.s.HTTPSamplerBase: Existing CookieManager HTTP Cookie Manager superseded by HTTP Cookie Manager
2025-12-08 13:01:14,035 INFO o.a.j.t.JMeterThread: Thread is done: Thread Group 1-3
2025-12-08 13:01:14,035 INFO o.a.j.t.JMeterThread: Thread finished: Thread Group 1-3
2025-12-08 13:01:14,060 INFO o.a.j.t.JMeterThread: Thread started: Thread Group 1-16
2025-12-08 13:01:14,068 WARN o.a.j.p.h.s.HTTPSamplerBase: Existing CookieManager HTTP Cookie Manager superseded by HTTP Cookie Manager
2025-12-08 13:01:14,086 INFO o.a.j.t.JMeterThread: Thread is done: Thread Group 1-5
2025-12-08 13:01:14,086 WARN o.a.j.p.h.s.HTTPSamplerBase: Existing CookieManager HTTP Cookie Manager superseded by HTTP Cookie Manager
2025-12-08 13:01:14,087 INFO o.a.j.t.JMeterThread: Thread finished: Thread Group 1-5
2025-12-08 13:01:14,089 WARN o.a.j.p.h.s.HTTPSamplerBase: Existing CookieManager HTTP Cookie Manager superseded by HTTP Cookie Manager
2025-12-08 13:01:14,120 WARN o.a.j.p.h.s.HTTPSamplerBase: Existing CookieManager HTTP Cookie Manager superseded by HTTP Cookie Manager
2025-12-08 13:01:14,158 INFO o.a.j.t.JMeterThread: Thread started: Thread Group 1-17
2025-12-08 13:01:14,186 WARN o.a.j.p.h.s.HTTPSamplerBase: Existing CookieManager HTTP Cookie Manager superseded by HTTP Cookie Manager
2025-12-08 13:01:14,187 WARN o.a.j.p.h.s.HTTPSamplerBase: Existing CookieManager HTTP Cookie Manager superseded by HTTP Cookie Manager
2025-12-08 13:01:14,187 WARN o.a.j.p.h.s.HTTPSamplerBase: Existing CookieManager HTTP Cookie Manager superseded by HTTP Cookie Manager
2025-12-08 13:01:14,187 WARN o.a.j.p.h.s.HTTPSamplerBase: Existing CookieManager HTTP Cookie Manager superseded by HTTP Cookie Manager
2025-12-08 13:01:14,211 WARN o.a.j.p.h.s.HTTPSamplerBase: Existing CookieManager HTTP Cookie Manager superseded by HTTP Cookie Manager
2025-12-08 13:01:14,214 INFO o.a.j.t.JMeterThread: Thread is done: Thread Group 1-6
2025-12-08 13:01:14,215 INFO o.a.j.t.JMeterThread: Thread finished: Thread Group 1-6
2025-12-08 13:01:14,215 WARN o.a.j.p.h.s.HTTPSamplerBase: Existing CookieManager HTTP Cookie Manager superseded by HTTP Cookie Manager
2025-12-08 13:01:14,261 INFO o.a.j.t.JMeterThread: Thread started: Thread Group 1-18
2025-12-08 13:01:14,279 WARN o.a.j.p.h.s.HTTPSamplerBase: Existing CookieManager HTTP Cookie Manager superseded by HTTP Cookie Manager
2025-12-08 13:01:14,284 WARN o.a.j.p.h.s.HTTPSamplerBase: Existing CookieManager HTTP Cookie Manager superseded by HTTP Cookie Manager
2025-12-08 13:01:14,312 WARN o.a.j.p.h.s.HTTPSamplerBase: Existing CookieManager HTTP Cookie Manager superseded by HTTP Cookie Manager
2025-12-08 13:01:14,313 INFO o.a.j.t.JMeterThread: Thread is done: Thread Group 1-7
2025-12-08 13:01:14,313 INFO o.a.j.t.JMeterThread: Thread finished: Thread Group 1-7
2025-12-08 13:01:14,329 WARN o.a.j.p.h.s.HTTPSamplerBase: Existing CookieManager HTTP Cookie Manager superseded by HTTP Cookie Manager
2025-12-08 13:01:14,339 WARN o.a.j.p.h.s.HTTPSamplerBase: Existing CookieManager HTTP Cookie Manager superseded by HTTP Cookie Manager
2025-12-08 13:01:14,356 INFO o.a.j.t.JMeterThread: Thread is done: Thread Group 1-9
2025-12-08 13:01:14,356 INFO o.a.j.t.JMeterThread: Thread finished: Thread Group 1-9
2025-12-08 13:01:14,360 INFO o.a.j.t.JMeterThread: Thread started: Thread Group 1-19
2025-12-08 13:01:14,367 WARN o.a.j.p.h.s.HTTPSamplerBase: Existing CookieManager HTTP Cookie Manager superseded by HTTP Cookie Manager
2025-12-08 13:01:14,371 INFO o.a.j.t.JMeterThread: Thread is done: Thread Group 1-8
2025-12-08 13:01:14,371 INFO o.a.j.t.JMeterThread: Thread finished: Thread Group 1-8
2025-12-08 13:01:14,401 WARN o.a.j.p.h.s.HTTPSamplerBase: Existing CookieManager HTTP Cookie Manager superseded by HTTP Cookie Manager
2025-12-08 13:01:14,403 WARN o.a.j.p.h.s.HTTPSamplerBase: Existing CookieManager HTTP Cookie Manager superseded by HTTP Cookie Manager
2025-12-08 13:01:14,459 INFO o.a.j.t.JMeterThread: Thread started: Thread Group 1-20
2025-12-08 13:01:14,460 WARN o.a.j.p.h.s.HTTPSamplerBase: Existing CookieManager HTTP Cookie Manager superseded by HTTP Cookie Manager
2025-12-08 13:01:14,494 INFO o.a.j.t.JMeterThread: Thread is done: Thread Group 1-10
2025-12-08 13:01:14,494 INFO o.a.j.t.JMeterThread: Thread finished: Thread Group 1-10
2025-12-08 13:01:14,495 WARN o.a.j.p.h.s.HTTPSamplerBase: Existing CookieManager HTTP Cookie Manager superseded by HTTP Cookie Manager
2025-12-08 13:01:14,501 WARN o.a.j.p.h.s.HTTPSamplerBase: Existing CookieManager HTTP Cookie Manager superseded by HTTP Cookie Manager
2025-12-08 13:01:14,509 WARN o.a.j.p.h.s.HTTPSamplerBase: Existing CookieManager HTTP Cookie Manager superseded by HTTP Cookie Manager
2025-12-08 13:01:14,517 WARN o.a.j.p.h.s.HTTPSamplerBase: Existing CookieManager HTTP Cookie Manager superseded by HTTP Cookie Manager
2025-12-08 13:01:14,553 INFO o.a.j.t.JMeterThread: Thread is done: Thread Group 1-11
2025-12-08 13:01:14,553 INFO o.a.j.t.JMeterThread: Thread finished: Thread Group 1-11
2025-12-08 13:01:14,559 INFO o.a.j.t.JMeterThread: Thread started: Thread Group 1-21
2025-12-08 13:01:14,595 WARN o.a.j.p.h.s.HTTPSamplerBase: Existing CookieManager HTTP Cookie Manager superseded by HTTP Cookie Manager
2025-12-08 13:01:14,597 WARN o.a.j.p.h.s.HTTPSamplerBase: Existing CookieManager HTTP Cookie Manager superseded by HTTP Cookie Manager
2025-12-08 13:01:14,607 WARN o.a.j.p.h.s.HTTPSamplerBase: Existing CookieManager HTTP Cookie Manager superseded by HTTP Cookie Manager
2025-12-08 13:01:14,622 WARN o.a.j.p.h.s.HTTPSamplerBase: Existing CookieManager HTTP Cookie Manager superseded by HTTP Cookie Manager
2025-12-08 13:01:14,644 WARN o.a.j.p.h.s.HTTPSamplerBase: Existing CookieManager HTTP Cookie Manager superseded by HTTP Cookie Manager
2025-12-08 13:01:14,658 INFO o.a.j.t.JMeterThread: Thread started: Thread Group 1-22
2025-12-08 13:01:14,669 WARN o.a.j.p.h.s.HTTPSamplerBase: Existing CookieManager HTTP Cookie Manager superseded by HTTP Cookie Manager
2025-12-08 13:01:14,673 WARN o.a.j.p.h.s.HTTPSamplerBase: Existing CookieManager HTTP Cookie Manager superseded by HTTP Cookie Manager
2025-12-08 13:01:14,706 WARN o.a.j.p.h.s.HTTPSamplerBase: Existing CookieManager HTTP Cookie Manager superseded by HTTP Cookie Manager
2025-12-08 13:01:14,710 INFO o.a.j.t.JMeterThread: Thread is done: Thread Group 1-12
2025-12-08 13:01:14,710 INFO o.a.j.t.JMeterThread: Thread finished: Thread Group 1-12
2025-12-08 13:01:14,722 WARN o.a.j.p.h.s.HTTPSamplerBase: Existing CookieManager HTTP Cookie Manager superseded by HTTP Cookie Manager
2025-12-08 13:01:14,753 WARN o.a.j.p.h.s.HTTPSamplerBase: Existing CookieManager HTTP Cookie Manager superseded by HTTP Cookie Manager
2025-12-08 13:01:14,759 INFO o.a.j.t.JMeterThread: Thread started: Thread Group 1-23
2025-12-08 13:01:14,762 INFO o.a.j.t.JMeterThread: Thread is done: Thread Group 1-13
2025-12-08 13:01:14,762 INFO o.a.j.t.JMeterThread: Thread finished: Thread Group 1-13
2025-12-08 13:01:14,764 WARN o.a.j.p.h.s.HTTPSamplerBase: Existing CookieManager HTTP Cookie Manager superseded by HTTP Cookie Manager
2025-12-08 13:01:14,795 WARN o.a.j.p.h.s.HTTPSamplerBase: Existing CookieManager HTTP Cookie Manager superseded by HTTP Cookie Manager
2025-12-08 13:01:14,798 INFO o.a.j.t.JMeterThread: Thread is done: Thread Group 1-14
2025-12-08 13:01:14,798 INFO o.a.j.t.JMeterThread: Thread finished: Thread Group 1-14
2025-12-08 13:01:14,850 WARN o.a.j.p.h.s.HTTPSamplerBase: Existing CookieManager HTTP Cookie Manager superseded by HTTP Cookie Manager
2025-12-08 13:01:14,853 WARN o.a.j.p.h.s.HTTPSamplerBase: Existing CookieManager HTTP Cookie Manager superseded by HTTP Cookie Manager
2025-12-08 13:01:14,859 INFO o.a.j.t.JMeterThread: Thread started: Thread Group 1-24
2025-12-08 13:01:14,872 WARN o.a.j.p.h.s.HTTPSamplerBase: Existing CookieManager HTTP Cookie Manager superseded by HTTP Cookie Manager
2025-12-08 13:01:14,876 WARN o.a.j.p.h.s.HTTPSamplerBase: Existing CookieManager HTTP Cookie Manager superseded by HTTP Cookie Manager
2025-12-08 13:01:14,904 INFO o.a.j.t.JMeterThread: Thread is done: Thread Group 1-15
2025-12-08 13:01:14,904 INFO o.a.j.t.JMeterThread: Thread finished: Thread Group 1-15
2025-12-08 13:01:14,916 WARN o.a.j.p.h.s.HTTPSamplerBase: Existing CookieManager HTTP Cookie Manager superseded by HTTP Cookie Manager
2025-12-08 13:01:14,926 WARN o.a.j.p.h.s.HTTPSamplerBase: Existing CookieManager HTTP Cookie Manager superseded by HTTP Cookie Manager
2025-12-08 13:01:14,944 WARN o.a.j.p.h.s.HTTPSamplerBase: Existing CookieManager HTTP Cookie Manager superseded by HTTP Cookie Manager
2025-12-08 13:01:14,959 INFO o.a.j.t.JMeterThread: Thread started: Thread Group 1-25
2025-12-08 13:01:14,991 INFO o.a.j.t.JMeterThread: Thread is done: Thread Group 1-16
2025-12-08 13:01:14,991 INFO o.a.j.t.JMeterThread: Thread finished: Thread Group 1-16
2025-12-08 13:01:15,046 WARN o.a.j.p.h.s.HTTPSamplerBase: Existing CookieManager HTTP Cookie Manager superseded by HTTP Cookie Manager
2025-12-08 13:01:15,047 INFO o.a.j.t.JMeterThread: Thread is done: Thread Group 1-17
2025-12-08 13:01:15,047 INFO o.a.j.t.JMeterThread: Thread finished: Thread Group 1-17
2025-12-08 13:01:15,054 WARN o.a.j.p.h.s.HTTPSamplerBase: Existing CookieManager HTTP Cookie Manager superseded by HTTP Cookie Manager
2025-12-08 13:01:15,060 INFO o.a.j.t.JMeterThread: Thread started: Thread Group 1-26
2025-12-08 13:01:15,071 WARN o.a.j.p.h.s.HTTPSamplerBase: Existing CookieManager HTTP Cookie Manager superseded by HTTP Cookie Manager
2025-12-08 13:01:15,091 WARN o.a.j.p.h.s.HTTPSamplerBase: Existing CookieManager HTTP Cookie Manager superseded by HTTP Cookie Manager
2025-12-08 13:01:15,109 WARN o.a.j.p.h.s.HTTPSamplerBase: Existing CookieManager HTTP Cookie Manager superseded by HTTP Cookie Manager
2025-12-08 13:01:15,141 WARN o.a.j.p.h.s.HTTPSamplerBase: Existing CookieManager HTTP Cookie Manager superseded by HTTP Cookie Manager
2025-12-08 13:01:15,142 WARN o.a.j.p.h.s.HTTPSamplerBase: Existing CookieManager HTTP Cookie Manager superseded by HTTP Cookie Manager
2025-12-08 13:01:15,154 WARN o.a.j.p.h.s.HTTPSamplerBase: Existing CookieManager HTTP Cookie Manager superseded by HTTP Cookie Manager
2025-12-08 13:01:15,160 INFO o.a.j.t.JMeterThread: Thread started: Thread Group 1-27
2025-12-08 13:01:15,225 INFO o.a.j.t.JMeterThread: Thread is done: Thread Group 1-18
2025-12-08 13:01:15,225 INFO o.a.j.t.JMeterThread: Thread finished: Thread Group 1-18
2025-12-08 13:01:15,235 WARN o.a.j.p.h.s.HTTPSamplerBase: Existing CookieManager HTTP Cookie Manager superseded by HTTP Cookie Manager
2025-12-08 13:01:15,259 INFO o.a.j.t.JMeterThread: Thread started: Thread Group 1-28
2025-12-08 13:01:15,271 WARN o.a.j.p.h.s.HTTPSamplerBase: Existing CookieManager HTTP Cookie Manager superseded by HTTP Cookie Manager
2025-12-08 13:01:15,285 WARN o.a.j.p.h.s.HTTPSamplerBase: Existing CookieManager HTTP Cookie Manager superseded by HTTP Cookie Manager
2025-12-08 13:01:15,307 WARN o.a.j.p.h.s.HTTPSamplerBase: Existing CookieManager HTTP Cookie Manager superseded by HTTP Cookie Manager
2025-12-08 13:01:15,310 WARN o.a.j.p.h.s.HTTPSamplerBase: Existing CookieManager HTTP Cookie Manager superseded by HTTP Cookie Manager
2025-12-08 13:01:15,321 INFO o.a.j.t.JMeterThread: Thread is done: Thread Group 1-19
2025-12-08 13:01:15,321 INFO o.a.j.t.JMeterThread: Thread finished: Thread Group 1-19
2025-12-08 13:01:15,343 INFO o.a.j.t.JMeterThread: Thread is done: Thread Group 1-20
2025-12-08 13:01:15,343 WARN o.a.j.p.h.s.HTTPSamplerBase: Existing CookieManager HTTP Cookie Manager superseded by HTTP Cookie Manager
2025-12-08 13:01:15,343 INFO o.a.j.t.JMeterThread: Thread finished: Thread Group 1-20
2025-12-08 13:01:15,359 INFO o.a.j.t.JMeterThread: Thread started: Thread Group 1-29
2025-12-08 13:01:15,369 WARN o.a.j.p.h.s.HTTPSamplerBase: Existing CookieManager HTTP Cookie Manager superseded by HTTP Cookie Manager
2025-12-08 13:01:15,423 WARN o.a.j.p.h.s.HTTPSamplerBase: Existing CookieManager HTTP Cookie Manager superseded by HTTP Cookie Manager
2025-12-08 13:01:15,423 WARN o.a.j.p.h.s.HTTPSamplerBase: Existing CookieManager HTTP Cookie Manager superseded by HTTP Cookie Manager
2025-12-08 13:01:15,458 INFO o.a.j.t.JMeterThread: Thread started: Thread Group 1-30
2025-12-08 13:01:15,466 WARN o.a.j.p.h.s.HTTPSamplerBase: Existing CookieManager HTTP Cookie Manager superseded by HTTP Cookie Manager
2025-12-08 13:01:15,472 WARN o.a.j.p.h.s.HTTPSamplerBase: Existing CookieManager HTTP Cookie Manager superseded by HTTP Cookie Manager
2025-12-08 13:01:15,497 INFO o.a.j.t.JMeterThread: Thread is done: Thread Group 1-21
2025-12-08 13:01:15,497 INFO o.a.j.t.JMeterThread: Thread finished: Thread Group 1-21
2025-12-08 13:01:15,518 WARN o.a.j.p.h.s.HTTPSamplerBase: Existing CookieManager HTTP Cookie Manager superseded by HTTP Cookie Manager
2025-12-08 13:01:15,519 WARN o.a.j.p.h.s.HTTPSamplerBase: Existing CookieManager HTTP Cookie Manager superseded by HTTP Cookie Manager
2025-12-08 13:01:15,533 WARN o.a.j.p.h.s.HTTPSamplerBase: Existing CookieManager HTTP Cookie Manager superseded by HTTP Cookie Manager
2025-12-08 13:01:15,542 WARN o.a.j.p.h.s.HTTPSamplerBase: Existing CookieManager HTTP Cookie Manager superseded by HTTP Cookie Manager
2025-12-08 13:01:15,559 INFO o.a.j.t.JMeterThread: Thread started: Thread Group 1-31
2025-12-08 13:01:15,579 WARN o.a.j.p.h.s.HTTPSamplerBase: Existing CookieManager HTTP Cookie Manager superseded by HTTP Cookie Manager
2025-12-08 13:01:15,643 WARN o.a.j.p.h.s.HTTPSamplerBase: Existing CookieManager HTTP Cookie Manager superseded by HTTP Cookie Manager
2025-12-08 13:01:15,648 WARN o.a.j.p.h.s.HTTPSamplerBase: Existing CookieManager HTTP Cookie Manager superseded by HTTP Cookie Manager
2025-12-08 13:01:15,652 INFO o.a.j.t.JMeterThread: Thread is done: Thread Group 1-22
2025-12-08 13:01:15,652 INFO o.a.j.t.JMeterThread: Thread finished: Thread Group 1-22
2025-12-08 13:01:15,652 WARN o.a.j.p.h.s.HTTPSamplerBase: Existing CookieManager HTTP Cookie Manager superseded by HTTP Cookie Manager
2025-12-08 13:01:15,653 WARN o.a.j.p.h.s.HTTPSamplerBase: Existing CookieManager HTTP Cookie Manager superseded by HTTP Cookie Manager
2025-12-08 13:01:15,658 INFO o.a.j.t.JMeterThread: Thread started: Thread Group 1-32
2025-12-08 13:01:15,686 WARN o.a.j.p.h.s.HTTPSamplerBase: Existing CookieManager HTTP Cookie Manager superseded by HTTP Cookie Manager
2025-12-08 13:01:15,689 INFO o.a.j.t.JMeterThread: Thread is done: Thread Group 1-23
2025-12-08 13:01:15,689 INFO o.a.j.t.JMeterThread: Thread finished: Thread Group 1-23
2025-12-08 13:01:15,706 WARN o.a.j.p.h.s.HTTPSamplerBase: Existing CookieManager HTTP Cookie Manager superseded by HTTP Cookie Manager
2025-12-08 13:01:15,738 INFO o.a.j.t.JMeterThread: Thread is done: Thread Group 1-24
2025-12-08 13:01:15,738 INFO o.a.j.t.JMeterThread: Thread finished: Thread Group 1-24
2025-12-08 13:01:15,752 WARN o.a.j.p.h.s.HTTPSamplerBase: Existing CookieManager HTTP Cookie Manager superseded by HTTP Cookie Manager
2025-12-08 13:01:15,759 INFO o.a.j.t.JMeterThread: Thread started: Thread Group 1-33
2025-12-08 13:01:15,813 INFO o.a.j.t.JMeterThread: Thread is done: Thread Group 1-25
2025-12-08 13:01:15,813 INFO o.a.j.t.JMeterThread: Thread finished: Thread Group 1-25
2025-12-08 13:01:15,813 WARN o.a.j.p.h.s.HTTPSamplerBase: Existing CookieManager HTTP Cookie Manager superseded by HTTP Cookie Manager
2025-12-08 13:01:15,816 WARN o.a.j.p.h.s.HTTPSamplerBase: Existing CookieManager HTTP Cookie Manager superseded by HTTP Cookie Manager
2025-12-08 13:01:15,837 WARN o.a.j.p.h.s.HTTPSamplerBase: Existing CookieManager HTTP Cookie Manager superseded by HTTP Cookie Manager
2025-12-08 13:01:15,846 WARN o.a.j.p.h.s.HTTPSamplerBase: Existing CookieManager HTTP Cookie Manager superseded by HTTP Cookie Manager
2025-12-08 13:01:15,859 INFO o.a.j.t.JMeterThread: Thread started: Thread Group 1-34
2025-12-08 13:01:15,865 WARN o.a.j.p.h.s.HTTPSamplerBase: Existing CookieManager HTTP Cookie Manager superseded by HTTP Cookie Manager
2025-12-08 13:01:15,884 WARN o.a.j.p.h.s.HTTPSamplerBase: Existing CookieManager HTTP Cookie Manager superseded by HTTP Cookie Manager
2025-12-08 13:01:15,889 WARN o.a.j.p.h.s.HTTPSamplerBase: Existing CookieManager HTTP Cookie Manager superseded by HTTP Cookie Manager
2025-12-08 13:01:15,910 WARN o.a.j.p.h.s.HTTPSamplerBase: Existing CookieManager HTTP Cookie Manager superseded by HTTP Cookie Manager
2025-12-08 13:01:15,955 INFO o.a.j.t.JMeterThread: Thread is done: Thread Group 1-26
2025-12-08 13:01:15,956 INFO o.a.j.t.JMeterThread: Thread finished: Thread Group 1-26
2025-12-08 13:01:15,958 INFO o.a.j.t.JMeterThread: Thread started: Thread Group 1-35
2025-12-08 13:01:16,004 WARN o.a.j.p.h.s.HTTPSamplerBase: Existing CookieManager HTTP Cookie Manager superseded by HTTP Cookie Manager
2025-12-08 13:01:16,006 WARN o.a.j.p.h.s.HTTPSamplerBase: Existing CookieManager HTTP Cookie Manager superseded by HTTP Cookie Manager
2025-12-08 13:01:16,010 WARN o.a.j.p.h.s.HTTPSamplerBase: Existing CookieManager HTTP Cookie Manager superseded by HTTP Cookie Manager
2025-12-08 13:01:16,017 WARN o.a.j.p.h.s.HTTPSamplerBase: Existing CookieManager HTTP Cookie Manager superseded by HTTP Cookie Manager
2025-12-08 13:01:16,036 WARN o.a.j.p.h.s.HTTPSamplerBase: Existing CookieManager HTTP Cookie Manager superseded by HTTP Cookie Manager
2025-12-08 13:01:16,042 INFO o.a.j.t.JMeterThread: Thread is done: Thread Group 1-27
2025-12-08 13:01:16,042 INFO o.a.j.t.JMeterThread: Thread finished: Thread Group 1-27
2025-12-08 13:01:16,046 WARN o.a.j.p.h.s.HTTPSamplerBase: Existing CookieManager HTTP Cookie Manager superseded by HTTP Cookie Manager
2025-12-08 13:01:16,058 INFO o.a.j.t.JMeterThread: Thread started: Thread Group 1-36
2025-12-08 13:01:16,058 WARN o.a.j.p.h.s.HTTPSamplerBase: Existing CookieManager HTTP Cookie Manager superseded by HTTP Cookie Manager
2025-12-08 13:01:16,160 INFO o.a.j.t.JMeterThread: Thread started: Thread Group 1-37
2025-12-08 13:01:16,160 WARN o.a.j.p.h.s.HTTPSamplerBase: Existing CookieManager HTTP Cookie Manager superseded by HTTP Cookie Manager
2025-12-08 13:01:16,160 WARN o.a.j.p.h.s.HTTPSamplerBase: Existing CookieManager HTTP Cookie Manager superseded by HTTP Cookie Manager
2025-12-08 13:01:16,182 INFO o.a.j.t.JMeterThread: Thread is done: Thread Group 1-28
2025-12-08 13:01:16,182 INFO o.a.j.t.JMeterThread: Thread finished: Thread Group 1-28
2025-12-08 13:01:16,198 WARN o.a.j.p.h.s.HTTPSamplerBase: Existing CookieManager HTTP Cookie Manager superseded by HTTP Cookie Manager
2025-12-08 13:01:16,198 WARN o.a.j.p.h.s.HTTPSamplerBase: Existing CookieManager HTTP Cookie Manager superseded by HTTP Cookie Manager
2025-12-08 13:01:16,200 WARN o.a.j.p.h.s.HTTPSamplerBase: Existing CookieManager HTTP Cookie Manager superseded by HTTP Cookie Manager
2025-12-08 13:01:16,230 INFO o.a.j.t.JMeterThread: Thread is done: Thread Group 1-29
2025-12-08 13:01:16,230 INFO o.a.j.t.JMeterThread: Thread finished: Thread Group 1-29
2025-12-08 13:01:16,230 WARN o.a.j.p.h.s.HTTPSamplerBase: Existing CookieManager HTTP Cookie Manager superseded by HTTP Cookie Manager
2025-12-08 13:01:16,259 INFO o.a.j.t.JMeterThread: Thread started: Thread Group 1-38
2025-12-08 13:01:16,271 WARN o.a.j.p.h.s.HTTPSamplerBase: Existing CookieManager HTTP Cookie Manager superseded by HTTP Cookie Manager
2025-12-08 13:01:16,319 WARN o.a.j.p.h.s.HTTPSamplerBase: Existing CookieManager HTTP Cookie Manager superseded by HTTP Cookie Manager
2025-12-08 13:01:16,350 INFO o.a.j.t.JMeterThread: Thread is done: Thread Group 1-30
2025-12-08 13:01:16,350 INFO o.a.j.t.JMeterThread: Thread finished: Thread Group 1-30
2025-12-08 13:01:16,352 WARN o.a.j.p.h.s.HTTPSamplerBase: Existing CookieManager HTTP Cookie Manager superseded by HTTP Cookie Manager
2025-12-08 13:01:16,357 WARN o.a.j.p.h.s.HTTPSamplerBase: Existing CookieManager HTTP Cookie Manager superseded by HTTP Cookie Manager
2025-12-08 13:01:16,359 INFO o.a.j.t.JMeterThread: Thread started: Thread Group 1-39
2025-12-08 13:01:16,373 WARN o.a.j.p.h.s.HTTPSamplerBase: Existing CookieManager HTTP Cookie Manager superseded by HTTP Cookie Manager
2025-12-08 13:01:16,389 WARN o.a.j.p.h.s.HTTPSamplerBase: Existing CookieManager HTTP Cookie Manager superseded by HTTP Cookie Manager
2025-12-08 13:01:16,417 WARN o.a.j.p.h.s.HTTPSamplerBase: Existing CookieManager HTTP Cookie Manager superseded by HTTP Cookie Manager
2025-12-08 13:01:16,455 WARN o.a.j.p.h.s.HTTPSamplerBase: Existing CookieManager HTTP Cookie Manager superseded by HTTP Cookie Manager
2025-12-08 13:01:16,457 INFO o.a.j.t.JMeterThread: Thread is done: Thread Group 1-31
2025-12-08 13:01:16,457 INFO o.a.j.t.JMeterThread: Thread finished: Thread Group 1-31
2025-12-08 13:01:16,459 INFO o.a.j.t.JMeterThread: Thread started: Thread Group 1-40
2025-12-08 13:01:16,499 WARN o.a.j.p.h.s.HTTPSamplerBase: Existing CookieManager HTTP Cookie Manager superseded by HTTP Cookie Manager
2025-12-08 13:01:16,506 WARN o.a.j.p.h.s.HTTPSamplerBase: Existing CookieManager HTTP Cookie Manager superseded by HTTP Cookie Manager
2025-12-08 13:01:16,529 INFO o.a.j.t.JMeterThread: Thread is done: Thread Group 1-32
2025-12-08 13:01:16,530 INFO o.a.j.t.JMeterThread: Thread finished: Thread Group 1-32
2025-12-08 13:01:16,559 INFO o.a.j.t.JMeterThread: Thread started: Thread Group 1-41
2025-12-08 13:01:16,572 WARN o.a.j.p.h.s.HTTPSamplerBase: Existing CookieManager HTTP Cookie Manager superseded by HTTP Cookie Manager
2025-12-08 13:01:16,581 WARN o.a.j.p.h.s.HTTPSamplerBase: Existing CookieManager HTTP Cookie Manager superseded by HTTP Cookie Manager
2025-12-08 13:01:16,583 INFO o.a.j.t.JMeterThread: Thread is done: Thread Group 1-33
2025-12-08 13:01:16,584 INFO o.a.j.t.JMeterThread: Thread finished: Thread Group 1-33
2025-12-08 13:01:16,608 WARN o.a.j.p.h.s.HTTPSamplerBase: Existing CookieManager HTTP Cookie Manager superseded by HTTP Cookie Manager
2025-12-08 13:01:16,612 WARN o.a.j.p.h.s.HTTPSamplerBase: Existing CookieManager HTTP Cookie Manager superseded by HTTP Cookie Manager
2025-12-08 13:01:16,660 WARN o.a.j.p.h.s.HTTPSamplerBase: Existing CookieManager HTTP Cookie Manager superseded by HTTP Cookie Manager
2025-12-08 13:01:16,660 INFO o.a.j.t.JMeterThread: Thread started: Thread Group 1-42
2025-12-08 13:01:16,660 WARN o.a.j.p.h.s.HTTPSamplerBase: Existing CookieManager HTTP Cookie Manager superseded by HTTP Cookie Manager
2025-12-08 13:01:16,665 WARN o.a.j.p.h.s.HTTPSamplerBase: Existing CookieManager HTTP Cookie Manager superseded by HTTP Cookie Manager
2025-12-08 13:01:16,725 INFO o.a.j.t.JMeterThread: Thread is done: Thread Group 1-34
2025-12-08 13:01:16,725 INFO o.a.j.t.JMeterThread: Thread finished: Thread Group 1-34
2025-12-08 13:01:16,731 WARN o.a.j.p.h.s.HTTPSamplerBase: Existing CookieManager HTTP Cookie Manager superseded by HTTP Cookie Manager
2025-12-08 13:01:16,736 WARN o.a.j.p.h.s.HTTPSamplerBase: Existing CookieManager HTTP Cookie Manager superseded by HTTP Cookie Manager
2025-12-08 13:01:16,758 INFO o.a.j.t.JMeterThread: Thread started: Thread Group 1-43
2025-12-08 13:01:16,765 WARN o.a.j.p.h.s.HTTPSamplerBase: Existing CookieManager HTTP Cookie Manager superseded by HTTP Cookie Manager
2025-12-08 13:01:16,770 WARN o.a.j.p.h.s.HTTPSamplerBase: Existing CookieManager HTTP Cookie Manager superseded by HTTP Cookie Manager
2025-12-08 13:01:16,805 WARN o.a.j.p.h.s.HTTPSamplerBase: Existing CookieManager HTTP Cookie Manager superseded by HTTP Cookie Manager
2025-12-08 13:01:16,805 INFO o.a.j.t.JMeterThread: Thread is done: Thread Group 1-36
2025-12-08 13:01:16,805 INFO o.a.j.t.JMeterThread: Thread finished: Thread Group 1-36
2025-12-08 13:01:16,814 WARN o.a.j.p.h.s.HTTPSamplerBase: Existing CookieManager HTTP Cookie Manager superseded by HTTP Cookie Manager
2025-12-08 13:01:16,828 INFO o.a.j.t.JMeterThread: Thread is done: Thread Group 1-35
2025-12-08 13:01:16,828 INFO o.a.j.t.JMeterThread: Thread finished: Thread Group 1-35
2025-12-08 13:01:16,859 INFO o.a.j.t.JMeterThread: Thread started: Thread Group 1-44
2025-12-08 13:01:16,912 WARN o.a.j.p.h.s.HTTPSamplerBase: Existing CookieManager HTTP Cookie Manager superseded by HTTP Cookie Manager
2025-12-08 13:01:16,926 WARN o.a.j.p.h.s.HTTPSamplerBase: Existing CookieManager HTTP Cookie Manager superseded by HTTP Cookie Manager
2025-12-08 13:01:16,934 WARN o.a.j.p.h.s.HTTPSamplerBase: Existing CookieManager HTTP Cookie Manager superseded by HTTP Cookie Manager
2025-12-08 13:01:16,934 WARN o.a.j.p.h.s.HTTPSamplerBase: Existing CookieManager HTTP Cookie Manager superseded by HTTP Cookie Manager
2025-12-08 13:01:16,945 WARN o.a.j.p.h.s.HTTPSamplerBase: Existing CookieManager HTTP Cookie Manager superseded by HTTP Cookie Manager
2025-12-08 13:01:16,958 INFO o.a.j.t.JMeterThread: Thread started: Thread Group 1-45
2025-12-08 13:01:16,965 WARN o.a.j.p.h.s.HTTPSamplerBase: Existing CookieManager HTTP Cookie Manager superseded by HTTP Cookie Manager
2025-12-08 13:01:16,993 WARN o.a.j.p.h.s.HTTPSamplerBase: Existing CookieManager HTTP Cookie Manager superseded by HTTP Cookie Manager
2025-12-08 13:01:17,021 WARN o.a.j.p.h.s.HTTPSamplerBase: Existing CookieManager HTTP Cookie Manager superseded by HTTP Cookie Manager
2025-12-08 13:01:17,053 WARN o.a.j.p.h.s.HTTPSamplerBase: Existing CookieManager HTTP Cookie Manager superseded by HTTP Cookie Manager
2025-12-08 13:01:17,058 INFO o.a.j.t.JMeterThread: Thread started: Thread Group 1-46
2025-12-08 13:01:17,084 WARN o.a.j.p.h.s.HTTPSamplerBase: Existing CookieManager HTTP Cookie Manager superseded by HTTP Cookie Manager
2025-12-08 13:01:17,087 INFO o.a.j.t.JMeterThread: Thread is done: Thread Group 1-38
2025-12-08 13:01:17,087 INFO o.a.j.t.JMeterThread: Thread finished: Thread Group 1-38
2025-12-08 13:01:17,099 INFO o.a.j.t.JMeterThread: Thread is done: Thread Group 1-37
2025-12-08 13:01:17,099 INFO o.a.j.t.JMeterThread: Thread finished: Thread Group 1-37
2025-12-08 13:01:17,131 WARN o.a.j.p.h.s.HTTPSamplerBase: Existing CookieManager HTTP Cookie Manager superseded by HTTP Cookie Manager
2025-12-08 13:01:17,140 WARN o.a.j.p.h.s.HTTPSamplerBase: Existing CookieManager HTTP Cookie Manager superseded by HTTP Cookie Manager
2025-12-08 13:01:17,143 WARN o.a.j.p.h.s.HTTPSamplerBase: Existing CookieManager HTTP Cookie Manager superseded by HTTP Cookie Manager
2025-12-08 13:01:17,158 INFO o.a.j.t.JMeterThread: Thread started: Thread Group 1-47
2025-12-08 13:01:17,170 WARN o.a.j.p.h.s.HTTPSamplerBase: Existing CookieManager HTTP Cookie Manager superseded by HTTP Cookie Manager
2025-12-08 13:01:17,185 WARN o.a.j.p.h.s.HTTPSamplerBase: Existing CookieManager HTTP Cookie Manager superseded by HTTP Cookie Manager
2025-12-08 13:01:17,243 WARN o.a.j.p.h.s.HTTPSamplerBase: Existing CookieManager HTTP Cookie Manager superseded by HTTP Cookie Manager
2025-12-08 13:01:17,243 WARN o.a.j.p.h.s.HTTPSamplerBase: Existing CookieManager HTTP Cookie Manager superseded by HTTP Cookie Manager
2025-12-08 13:01:17,250 WARN o.a.j.p.h.s.HTTPSamplerBase: Existing CookieManager HTTP Cookie Manager superseded by HTTP Cookie Manager
2025-12-08 13:01:17,259 INFO o.a.j.t.JMeterThread: Thread started: Thread Group 1-48
2025-12-08 13:01:17,301 INFO o.a.j.t.JMeterThread: Thread is done: Thread Group 1-39
2025-12-08 13:01:17,302 INFO o.a.j.t.JMeterThread: Thread finished: Thread Group 1-39
2025-12-08 13:01:17,308 WARN o.a.j.p.h.s.HTTPSamplerBase: Existing CookieManager HTTP Cookie Manager superseded by HTTP Cookie Manager
2025-12-08 13:01:17,309 WARN o.a.j.p.h.s.HTTPSamplerBase: Existing CookieManager HTTP Cookie Manager superseded by HTTP Cookie Manager
2025-12-08 13:01:17,312 WARN o.a.j.p.h.s.HTTPSamplerBase: Existing CookieManager HTTP Cookie Manager superseded by HTTP Cookie Manager
2025-12-08 13:01:17,326 WARN o.a.j.p.h.s.HTTPSamplerBase: Existing CookieManager HTTP Cookie Manager superseded by HTTP Cookie Manager
2025-12-08 13:01:17,358 INFO o.a.j.t.JMeterThread: Thread started: Thread Group 1-49
2025-12-08 13:01:17,403 INFO o.a.j.t.JMeterThread: Thread is done: Thread Group 1-40
2025-12-08 13:01:17,403 INFO o.a.j.t.JMeterThread: Thread finished: Thread Group 1-40
2025-12-08 13:01:17,408 WARN o.a.j.p.h.s.HTTPSamplerBase: Existing CookieManager HTTP Cookie Manager superseded by HTTP Cookie Manager
2025-12-08 13:01:17,414 WARN o.a.j.p.h.s.HTTPSamplerBase: Existing CookieManager HTTP Cookie Manager superseded by HTTP Cookie Manager
2025-12-08 13:01:17,422 INFO o.a.j.t.JMeterThread: Thread is done: Thread Group 1-41
2025-12-08 13:01:17,422 INFO o.a.j.t.JMeterThread: Thread finished: Thread Group 1-41
2025-12-08 13:01:17,451 WARN o.a.j.p.h.s.HTTPSamplerBase: Existing CookieManager HTTP Cookie Manager superseded by HTTP Cookie Manager
2025-12-08 13:01:17,456 WARN o.a.j.p.h.s.HTTPSamplerBase: Existing CookieManager HTTP Cookie Manager superseded by HTTP Cookie Manager
2025-12-08 13:01:17,458 INFO o.a.j.t.JMeterThread: Thread started: Thread Group 1-50
2025-12-08 13:01:17,460 INFO o.a.j.t.JMeterThread: Thread is done: Thread Group 1-42
2025-12-08 13:01:17,460 INFO o.a.j.t.JMeterThread: Thread finished: Thread Group 1-42
2025-12-08 13:01:17,479 WARN o.a.j.p.h.s.HTTPSamplerBase: Existing CookieManager HTTP Cookie Manager superseded by HTTP Cookie Manager
2025-12-08 13:01:17,492 WARN o.a.j.p.h.s.HTTPSamplerBase: Existing CookieManager HTTP Cookie Manager superseded by HTTP Cookie Manager
2025-12-08 13:01:17,519 WARN o.a.j.p.h.s.HTTPSamplerBase: Existing CookieManager HTTP Cookie Manager superseded by HTTP Cookie Manager
2025-12-08 13:01:17,558 INFO o.a.j.t.JMeterThread: Thread started: Thread Group 1-51
2025-12-08 13:01:17,613 INFO o.a.j.t.JMeterThread: Thread is done: Thread Group 1-43
2025-12-08 13:01:17,613 INFO o.a.j.t.JMeterThread: Thread finished: Thread Group 1-43
2025-12-08 13:01:17,617 WARN o.a.j.p.h.s.HTTPSamplerBase: Existing CookieManager HTTP Cookie Manager superseded by HTTP Cookie Manager
2025-12-08 13:01:17,654 WARN o.a.j.p.h.s.HTTPSamplerBase: Existing CookieManager HTTP Cookie Manager superseded by HTTP Cookie Manager
2025-12-08 13:01:17,654 INFO o.a.j.t.JMeterThread: Thread is done: Thread Group 1-44
2025-12-08 13:01:17,654 INFO o.a.j.t.JMeterThread: Thread finished: Thread Group 1-44
2025-12-08 13:01:17,659 INFO o.a.j.t.JMeterThread: Thread started: Thread Group 1-52
2025-12-08 13:01:17,667 WARN o.a.j.p.h.s.HTTPSamplerBase: Existing CookieManager HTTP Cookie Manager superseded by HTTP Cookie Manager
2025-12-08 13:01:17,667 WARN o.a.j.p.h.s.HTTPSamplerBase: Existing CookieManager HTTP Cookie Manager superseded by HTTP Cookie Manager
2025-12-08 13:01:17,669 WARN o.a.j.p.h.s.HTTPSamplerBase: Existing CookieManager HTTP Cookie Manager superseded by HTTP Cookie Manager
2025-12-08 13:01:17,732 WARN o.a.j.p.h.s.HTTPSamplerBase: Existing CookieManager HTTP Cookie Manager superseded by HTTP Cookie Manager
2025-12-08 13:01:17,735 WARN o.a.j.p.h.s.HTTPSamplerBase: Existing CookieManager HTTP Cookie Manager superseded by HTTP Cookie Manager
2025-12-08 13:01:17,758 INFO o.a.j.t.JMeterThread: Thread started: Thread Group 1-53
2025-12-08 13:01:17,819 WARN o.a.j.p.h.s.HTTPSamplerBase: Existing CookieManager HTTP Cookie Manager superseded by HTTP Cookie Manager
2025-12-08 13:01:17,820 WARN o.a.j.p.h.s.HTTPSamplerBase: Existing CookieManager HTTP Cookie Manager superseded by HTTP Cookie Manager
2025-12-08 13:01:17,823 INFO o.a.j.t.JMeterThread: Thread is done: Thread Group 1-45
2025-12-08 13:01:17,823 INFO o.a.j.t.JMeterThread: Thread finished: Thread Group 1-45
2025-12-08 13:01:17,826 WARN o.a.j.p.h.s.HTTPSamplerBase: Existing CookieManager HTTP Cookie Manager superseded by HTTP Cookie Manager
2025-12-08 13:01:17,841 WARN o.a.j.p.h.s.HTTPSamplerBase: Existing CookieManager HTTP Cookie Manager superseded by HTTP Cookie Manager
2025-12-08 13:01:17,858 INFO o.a.j.t.JMeterThread: Thread started: Thread Group 1-54
2025-12-08 13:01:17,865 WARN o.a.j.p.h.s.HTTPSamplerBase: Existing CookieManager HTTP Cookie Manager superseded by HTTP Cookie Manager
2025-12-08 13:01:17,916 WARN o.a.j.p.h.s.HTTPSamplerBase: Existing CookieManager HTTP Cookie Manager superseded by HTTP Cookie Manager
2025-12-08 13:01:17,927 WARN o.a.j.p.h.s.HTTPSamplerBase: Existing CookieManager HTTP Cookie Manager superseded by HTTP Cookie Manager
2025-12-08 13:01:17,954 WARN o.a.j.p.h.s.HTTPSamplerBase: Existing CookieManager HTTP Cookie Manager superseded by HTTP Cookie Manager
2025-12-08 13:01:17,959 INFO o.a.j.t.JMeterThread: Thread started: Thread Group 1-55
2025-12-08 13:01:17,977 INFO o.a.j.t.JMeterThread: Thread is done: Thread Group 1-46
2025-12-08 13:01:17,977 INFO o.a.j.t.JMeterThread: Thread finished: Thread Group 1-46
2025-12-08 13:01:18,000 WARN o.a.j.p.h.s.HTTPSamplerBase: Existing CookieManager HTTP Cookie Manager superseded by HTTP Cookie Manager
2025-12-08 13:01:18,008 INFO o.a.j.t.JMeterThread: Thread is done: Thread Group 1-47
2025-12-08 13:01:18,008 INFO o.a.j.t.JMeterThread: Thread finished: Thread Group 1-47
2025-12-08 13:01:18,023 WARN o.a.j.p.h.s.HTTPSamplerBase: Existing CookieManager HTTP Cookie Manager superseded by HTTP Cookie Manager
2025-12-08 13:01:18,032 WARN o.a.j.p.h.s.HTTPSamplerBase: Existing CookieManager HTTP Cookie Manager superseded by HTTP Cookie Manager
2025-12-08 13:01:18,040 WARN o.a.j.p.h.s.HTTPSamplerBase: Existing CookieManager HTTP Cookie Manager superseded by HTTP Cookie Manager
2025-12-08 13:01:18,059 INFO o.a.j.t.JMeterThread: Thread started: Thread Group 1-56
2025-12-08 13:01:18,120 WARN o.a.j.p.h.s.HTTPSamplerBase: Existing CookieManager HTTP Cookie Manager superseded by HTTP Cookie Manager
2025-12-08 13:01:18,122 WARN o.a.j.p.h.s.HTTPSamplerBase: Existing CookieManager HTTP Cookie Manager superseded by HTTP Cookie Manager
2025-12-08 13:01:18,135 WARN o.a.j.p.h.s.HTTPSamplerBase: Existing CookieManager HTTP Cookie Manager superseded by HTTP Cookie Manager
2025-12-08 13:01:18,142 WARN o.a.j.p.h.s.HTTPSamplerBase: Existing CookieManager HTTP Cookie Manager superseded by HTTP Cookie Manager
2025-12-08 13:01:18,158 INFO o.a.j.t.JMeterThread: Thread started: Thread Group 1-57
2025-12-08 13:01:18,186 WARN o.a.j.p.h.s.HTTPSamplerBase: Existing CookieManager HTTP Cookie Manager superseded by HTTP Cookie Manager
2025-12-08 13:01:18,190 INFO o.a.j.t.JMeterThread: Thread is done: Thread Group 1-48
2025-12-08 13:01:18,190 INFO o.a.j.t.JMeterThread: Thread finished: Thread Group 1-48
2025-12-08 13:01:18,193 WARN o.a.j.p.h.s.HTTPSamplerBase: Existing CookieManager HTTP Cookie Manager superseded by HTTP Cookie Manager
2025-12-08 13:01:18,211 WARN o.a.j.p.h.s.HTTPSamplerBase: Existing CookieManager HTTP Cookie Manager superseded by HTTP Cookie Manager
2025-12-08 13:01:18,236 WARN o.a.j.p.h.s.HTTPSamplerBase: Existing CookieManager HTTP Cookie Manager superseded by HTTP Cookie Manager
2025-12-08 13:01:18,259 INFO o.a.j.t.JMeterThread: Thread started: Thread Group 1-58
2025-12-08 13:01:18,286 WARN o.a.j.p.h.s.HTTPSamplerBase: Existing CookieManager HTTP Cookie Manager superseded by HTTP Cookie Manager
2025-12-08 13:01:18,294 WARN o.a.j.p.h.s.HTTPSamplerBase: Existing CookieManager HTTP Cookie Manager superseded by HTTP Cookie Manager
2025-12-08 13:01:18,310 INFO o.a.j.t.JMeterThread: Thread is done: Thread Group 1-49
2025-12-08 13:01:18,310 INFO o.a.j.t.JMeterThread: Thread finished: Thread Group 1-49
2025-12-08 13:01:18,317 WARN o.a.j.p.h.s.HTTPSamplerBase: Existing CookieManager HTTP Cookie Manager superseded by HTTP Cookie Manager
2025-12-08 13:01:18,342 WARN o.a.j.p.h.s.HTTPSamplerBase: Existing CookieManager HTTP Cookie Manager superseded by HTTP Cookie Manager
2025-12-08 13:01:18,347 WARN o.a.j.p.h.s.HTTPSamplerBase: Existing CookieManager HTTP Cookie Manager superseded by HTTP Cookie Manager
2025-12-08 13:01:18,359 INFO o.a.j.t.JMeterThread: Thread started: Thread Group 1-59
2025-12-08 13:01:18,366 WARN o.a.j.p.h.s.HTTPSamplerBase: Existing CookieManager HTTP Cookie Manager superseded by HTTP Cookie Manager
2025-12-08 13:01:18,379 WARN o.a.j.p.h.s.HTTPSamplerBase: Existing CookieManager HTTP Cookie Manager superseded by HTTP Cookie Manager
2025-12-08 13:01:18,396 WARN o.a.j.p.h.s.HTTPSamplerBase: Existing CookieManager HTTP Cookie Manager superseded by HTTP Cookie Manager
2025-12-08 13:01:18,402 INFO o.a.j.t.JMeterThread: Thread is done: Thread Group 1-50
2025-12-08 13:01:18,402 INFO o.a.j.t.JMeterThread: Thread finished: Thread Group 1-50
2025-12-08 13:01:18,455 INFO o.a.j.t.JMeterThread: Thread is done: Thread Group 1-51
2025-12-08 13:01:18,455 INFO o.a.j.t.JMeterThread: Thread finished: Thread Group 1-51
2025-12-08 13:01:18,459 INFO o.a.j.t.JMeterThread: Thread started: Thread Group 1-60
2025-12-08 13:01:18,485 WARN o.a.j.p.h.s.HTTPSamplerBase: Existing CookieManager HTTP Cookie Manager superseded by HTTP Cookie Manager
2025-12-08 13:01:18,492 WARN o.a.j.p.h.s.HTTPSamplerBase: Existing CookieManager HTTP Cookie Manager superseded by HTTP Cookie Manager
2025-12-08 13:01:18,513 WARN o.a.j.p.h.s.HTTPSamplerBase: Existing CookieManager HTTP Cookie Manager superseded by HTTP Cookie Manager
2025-12-08 13:01:18,515 WARN o.a.j.p.h.s.HTTPSamplerBase: Existing CookieManager HTTP Cookie Manager superseded by HTTP Cookie Manager
2025-12-08 13:01:18,515 WARN o.a.j.p.h.s.HTTPSamplerBase: Existing CookieManager HTTP Cookie Manager superseded by HTTP Cookie Manager
2025-12-08 13:01:18,558 WARN o.a.j.p.h.s.HTTPSamplerBase: Existing CookieManager HTTP Cookie Manager superseded by HTTP Cookie Manager
2025-12-08 13:01:18,560 INFO o.a.j.t.JMeterThread: Thread is done: Thread Group 1-52
2025-12-08 13:01:18,560 INFO o.a.j.t.JMeterThread: Thread finished: Thread Group 1-52
2025-12-08 13:01:18,560 INFO o.a.j.t.JMeterThread: Thread started: Thread Group 1-61
2025-12-08 13:01:18,568 WARN o.a.j.p.h.s.HTTPSamplerBase: Existing CookieManager HTTP Cookie Manager superseded by HTTP Cookie Manager
2025-12-08 13:01:18,642 INFO o.a.j.t.JMeterThread: Thread is done: Thread Group 1-53
2025-12-08 13:01:18,642 INFO o.a.j.t.JMeterThread: Thread finished: Thread Group 1-53
2025-12-08 13:01:18,643 WARN o.a.j.p.h.s.HTTPSamplerBase: Existing CookieManager HTTP Cookie Manager superseded by HTTP Cookie Manager
2025-12-08 13:01:18,645 WARN o.a.j.p.h.s.HTTPSamplerBase: Existing CookieManager HTTP Cookie Manager superseded by HTTP Cookie Manager
2025-12-08 13:01:18,658 INFO o.a.j.t.JMeterThread: Thread started: Thread Group 1-62
2025-12-08 13:01:18,698 WARN o.a.j.p.h.s.HTTPSamplerBase: Existing CookieManager HTTP Cookie Manager superseded by HTTP Cookie Manager
2025-12-08 13:01:18,699 WARN o.a.j.p.h.s.HTTPSamplerBase: Existing CookieManager HTTP Cookie Manager superseded by HTTP Cookie Manager
2025-12-08 13:01:18,703 WARN o.a.j.p.h.s.HTTPSamplerBase: Existing CookieManager HTTP Cookie Manager superseded by HTTP Cookie Manager
2025-12-08 13:01:18,748 INFO o.a.j.t.JMeterThread: Thread is done: Thread Group 1-54
2025-12-08 13:01:18,748 INFO o.a.j.t.JMeterThread: Thread finished: Thread Group 1-54
2025-12-08 13:01:18,749 WARN o.a.j.p.h.s.HTTPSamplerBase: Existing CookieManager HTTP Cookie Manager superseded by HTTP Cookie Manager
2025-12-08 13:01:18,760 INFO o.a.j.t.JMeterThread: Thread started: Thread Group 1-63
2025-12-08 13:01:18,768 WARN o.a.j.p.h.s.HTTPSamplerBase: Existing CookieManager HTTP Cookie Manager superseded by HTTP Cookie Manager
2025-12-08 13:01:18,844 WARN o.a.j.p.h.s.HTTPSamplerBase: Existing CookieManager HTTP Cookie Manager superseded by HTTP Cookie Manager
2025-12-08 13:01:18,846 WARN o.a.j.p.h.s.HTTPSamplerBase: Existing CookieManager HTTP Cookie Manager superseded by HTTP Cookie Manager
2025-12-08 13:01:18,860 INFO o.a.j.t.JMeterThread: Thread started: Thread Group 1-64
2025-12-08 13:01:18,908 WARN o.a.j.p.h.s.HTTPSamplerBase: Existing CookieManager HTTP Cookie Manager superseded by HTTP Cookie Manager
2025-12-08 13:01:18,909 INFO o.a.j.t.JMeterThread: Thread is done: Thread Group 1-55
2025-12-08 13:01:18,909 INFO o.a.j.t.JMeterThread: Thread finished: Thread Group 1-55
2025-12-08 13:01:18,928 INFO o.a.j.t.JMeterThread: Thread is done: Thread Group 1-56
2025-12-08 13:01:18,928 INFO o.a.j.t.JMeterThread: Thread finished: Thread Group 1-56
2025-12-08 13:01:18,928 WARN o.a.j.p.h.s.HTTPSamplerBase: Existing CookieManager HTTP Cookie Manager superseded by HTTP Cookie Manager
2025-12-08 13:01:18,940 WARN o.a.j.p.h.s.HTTPSamplerBase: Existing CookieManager HTTP Cookie Manager superseded by HTTP Cookie Manager
2025-12-08 13:01:18,944 WARN o.a.j.p.h.s.HTTPSamplerBase: Existing CookieManager HTTP Cookie Manager superseded by HTTP Cookie Manager
2025-12-08 13:01:18,958 INFO o.a.j.t.JMeterThread: Thread started: Thread Group 1-65
2025-12-08 13:01:18,963 WARN o.a.j.p.h.s.HTTPSamplerBase: Existing CookieManager HTTP Cookie Manager superseded by HTTP Cookie Manager
2025-12-08 13:01:19,018 WARN o.a.j.p.h.s.HTTPSamplerBase: Existing CookieManager HTTP Cookie Manager superseded by HTTP Cookie Manager
2025-12-08 13:01:19,023 WARN o.a.j.p.h.s.HTTPSamplerBase: Existing CookieManager HTTP Cookie Manager superseded by HTTP Cookie Manager
2025-12-08 13:01:19,024 WARN o.a.j.p.h.s.HTTPSamplerBase: Existing CookieManager HTTP Cookie Manager superseded by HTTP Cookie Manager
2025-12-08 13:01:19,058 INFO o.a.j.t.JMeterThread: Thread started: Thread Group 1-66
2025-12-08 13:01:19,062 INFO o.a.j.t.JMeterThread: Thread is done: Thread Group 1-57
2025-12-08 13:01:19,062 INFO o.a.j.t.JMeterThread: Thread finished: Thread Group 1-57
2025-12-08 13:01:19,100 WARN o.a.j.p.h.s.HTTPSamplerBase: Existing CookieManager HTTP Cookie Manager superseded by HTTP Cookie Manager
2025-12-08 13:01:19,102 INFO o.a.j.t.JMeterThread: Thread is done: Thread Group 1-58
2025-12-08 13:01:19,102 INFO o.a.j.t.JMeterThread: Thread finished: Thread Group 1-58
2025-12-08 13:01:19,151 WARN o.a.j.p.h.s.HTTPSamplerBase: Existing CookieManager HTTP Cookie Manager superseded by HTTP Cookie Manager
2025-12-08 13:01:19,159 INFO o.a.j.t.JMeterThread: Thread started: Thread Group 1-67
2025-12-08 13:01:19,166 WARN o.a.j.p.h.s.HTTPSamplerBase: Existing CookieManager HTTP Cookie Manager superseded by HTTP Cookie Manager
2025-12-08 13:01:19,199 WARN o.a.j.p.h.s.HTTPSamplerBase: Existing CookieManager HTTP Cookie Manager superseded by HTTP Cookie Manager
2025-12-08 13:01:19,202 WARN o.a.j.p.h.s.HTTPSamplerBase: Existing CookieManager HTTP Cookie Manager superseded by HTTP Cookie Manager
2025-12-08 13:01:19,231 WARN o.a.j.p.h.s.HTTPSamplerBase: Existing CookieManager HTTP Cookie Manager superseded by HTTP Cookie Manager
2025-12-08 13:01:19,233 WARN o.a.j.p.h.s.HTTPSamplerBase: Existing CookieManager HTTP Cookie Manager superseded by HTTP Cookie Manager
2025-12-08 13:01:19,259 INFO o.a.j.t.JMeterThread: Thread started: Thread Group 1-68
2025-12-08 13:01:19,290 WARN o.a.j.p.h.s.HTTPSamplerBase: Existing CookieManager HTTP Cookie Manager superseded by HTTP Cookie Manager
2025-12-08 13:01:19,306 INFO o.a.j.t.JMeterThread: Thread is done: Thread Group 1-59
2025-12-08 13:01:19,306 INFO o.a.j.t.JMeterThread: Thread finished: Thread Group 1-59
2025-12-08 13:01:19,343 WARN o.a.j.p.h.s.HTTPSamplerBase: Existing CookieManager HTTP Cookie Manager superseded by HTTP Cookie Manager
2025-12-08 13:01:19,353 WARN o.a.j.p.h.s.HTTPSamplerBase: Existing CookieManager HTTP Cookie Manager superseded by HTTP Cookie Manager
2025-12-08 13:01:19,355 WARN o.a.j.p.h.s.HTTPSamplerBase: Existing CookieManager HTTP Cookie Manager superseded by HTTP Cookie Manager
2025-12-08 13:01:19,359 INFO o.a.j.t.JMeterThread: Thread started: Thread Group 1-69
2025-12-08 13:01:19,359 WARN o.a.j.p.h.s.HTTPSamplerBase: Existing CookieManager HTTP Cookie Manager superseded by HTTP Cookie Manager
2025-12-08 13:01:19,372 WARN o.a.j.p.h.s.HTTPSamplerBase: Existing CookieManager HTTP Cookie Manager superseded by HTTP Cookie Manager
2025-12-08 13:01:19,394 WARN o.a.j.p.h.s.HTTPSamplerBase: Existing CookieManager HTTP Cookie Manager superseded by HTTP Cookie Manager
2025-12-08 13:01:19,420 WARN o.a.j.p.h.s.HTTPSamplerBase: Existing CookieManager HTTP Cookie Manager superseded by HTTP Cookie Manager
2025-12-08 13:01:19,443 INFO o.a.j.t.JMeterThread: Thread is done: Thread Group 1-60
2025-12-08 13:01:19,443 INFO o.a.j.t.JMeterThread: Thread finished: Thread Group 1-60
2025-12-08 13:01:19,458 INFO o.a.j.t.JMeterThread: Thread started: Thread Group 1-70
2025-12-08 13:01:19,467 WARN o.a.j.p.h.s.HTTPSamplerBase: Existing CookieManager HTTP Cookie Manager superseded by HTTP Cookie Manager
2025-12-08 13:01:19,518 INFO o.a.j.t.JMeterThread: Thread is done: Thread Group 1-61
2025-12-08 13:01:19,518 INFO o.a.j.t.JMeterThread: Thread finished: Thread Group 1-61
2025-12-08 13:01:19,521 WARN o.a.j.p.h.s.HTTPSamplerBase: Existing CookieManager HTTP Cookie Manager superseded by HTTP Cookie Manager
2025-12-08 13:01:19,523 WARN o.a.j.p.h.s.HTTPSamplerBase: Existing CookieManager HTTP Cookie Manager superseded by HTTP Cookie Manager
2025-12-08 13:01:19,559 INFO o.a.j.t.JMeterThread: Thread started: Thread Group 1-71
2025-12-08 13:01:19,560 WARN o.a.j.p.h.s.HTTPSamplerBase: Existing CookieManager HTTP Cookie Manager superseded by HTTP Cookie Manager
2025-12-08 13:01:19,562 INFO o.a.j.t.JMeterThread: Thread is done: Thread Group 1-62
2025-12-08 13:01:19,562 WARN o.a.j.p.h.s.HTTPSamplerBase: Existing CookieManager HTTP Cookie Manager superseded by HTTP Cookie Manager
2025-12-08 13:01:19,562 INFO o.a.j.t.JMeterThread: Thread finished: Thread Group 1-62
2025-12-08 13:01:19,565 WARN o.a.j.p.h.s.HTTPSamplerBase: Existing CookieManager HTTP Cookie Manager superseded by HTTP Cookie Manager
2025-12-08 13:01:19,574 WARN o.a.j.p.h.s.HTTPSamplerBase: Existing CookieManager HTTP Cookie Manager superseded by HTTP Cookie Manager
2025-12-08 13:01:19,621 WARN o.a.j.p.h.s.HTTPSamplerBase: Existing CookieManager HTTP Cookie Manager superseded by HTTP Cookie Manager
2025-12-08 13:01:19,634 WARN o.a.j.p.h.s.HTTPSamplerBase: Existing CookieManager HTTP Cookie Manager superseded by HTTP Cookie Manager
2025-12-08 13:01:19,660 INFO o.a.j.t.JMeterThread: Thread started: Thread Group 1-72
2025-12-08 13:01:19,694 WARN o.a.j.p.h.s.HTTPSamplerBase: Existing CookieManager HTTP Cookie Manager superseded by HTTP Cookie Manager
2025-12-08 13:01:19,713 WARN o.a.j.p.h.s.HTTPSamplerBase: Existing CookieManager HTTP Cookie Manager superseded by HTTP Cookie Manager
2025-12-08 13:01:19,715 WARN o.a.j.p.h.s.HTTPSamplerBase: Existing CookieManager HTTP Cookie Manager superseded by HTTP Cookie Manager
2025-12-08 13:01:19,739 INFO o.a.j.t.JMeterThread: Thread is done: Thread Group 1-63
2025-12-08 13:01:19,739 INFO o.a.j.t.JMeterThread: Thread finished: Thread Group 1-63
2025-12-08 13:01:19,758 INFO o.a.j.t.JMeterThread: Thread started: Thread Group 1-73
2025-12-08 13:01:19,765 WARN o.a.j.p.h.s.HTTPSamplerBase: Existing CookieManager HTTP Cookie Manager superseded by HTTP Cookie Manager
2025-12-08 13:01:19,765 WARN o.a.j.p.h.s.HTTPSamplerBase: Existing CookieManager HTTP Cookie Manager superseded by HTTP Cookie Manager
2025-12-08 13:01:19,770 INFO o.a.j.t.JMeterThread: Thread is done: Thread Group 1-64
2025-12-08 13:01:19,770 INFO o.a.j.t.JMeterThread: Thread finished: Thread Group 1-64
2025-12-08 13:01:19,803 WARN o.a.j.p.h.s.HTTPSamplerBase: Existing CookieManager HTTP Cookie Manager superseded by HTTP Cookie Manager
2025-12-08 13:01:19,807 WARN o.a.j.p.h.s.HTTPSamplerBase: Existing CookieManager HTTP Cookie Manager superseded by HTTP Cookie Manager
2025-12-08 13:01:19,857 WARN o.a.j.p.h.s.HTTPSamplerBase: Existing CookieManager HTTP Cookie Manager superseded by HTTP Cookie Manager
2025-12-08 13:01:19,858 INFO o.a.j.t.JMeterThread: Thread started: Thread Group 1-74
2025-12-08 13:01:19,892 WARN o.a.j.p.h.s.HTTPSamplerBase: Existing CookieManager HTTP Cookie Manager superseded by HTTP Cookie Manager
2025-12-08 13:01:19,896 INFO o.a.j.t.JMeterThread: Thread is done: Thread Group 1-65
2025-12-08 13:01:19,896 INFO o.a.j.t.JMeterThread: Thread finished: Thread Group 1-65
2025-12-08 13:01:19,896 WARN o.a.j.p.h.s.HTTPSamplerBase: Existing CookieManager HTTP Cookie Manager superseded by HTTP Cookie Manager
2025-12-08 13:01:19,920 WARN o.a.j.p.h.s.HTTPSamplerBase: Existing CookieManager HTTP Cookie Manager superseded by HTTP Cookie Manager
2025-12-08 13:01:19,943 WARN o.a.j.p.h.s.HTTPSamplerBase: Existing CookieManager HTTP Cookie Manager superseded by HTTP Cookie Manager
2025-12-08 13:01:19,947 INFO o.a.j.t.JMeterThread: Thread is done: Thread Group 1-66
2025-12-08 13:01:19,947 INFO o.a.j.t.JMeterThread: Thread finished: Thread Group 1-66
2025-12-08 13:01:19,952 WARN o.a.j.p.h.s.HTTPSamplerBase: Existing CookieManager HTTP Cookie Manager superseded by HTTP Cookie Manager
2025-12-08 13:01:19,958 WARN o.a.j.p.h.s.HTTPSamplerBase: Existing CookieManager HTTP Cookie Manager superseded by HTTP Cookie Manager
2025-12-08 13:01:19,959 INFO o.a.j.t.JMeterThread: Thread started: Thread Group 1-75
2025-12-08 13:01:19,999 WARN o.a.j.p.h.s.HTTPSamplerBase: Existing CookieManager HTTP Cookie Manager superseded by HTTP Cookie Manager
2025-12-08 13:01:20,027 WARN o.a.j.p.h.s.HTTPSamplerBase: Existing CookieManager HTTP Cookie Manager superseded by HTTP Cookie Manager
2025-12-08 13:01:20,058 INFO o.a.j.t.JMeterThread: Thread started: Thread Group 1-76
2025-12-08 13:01:20,067 WARN o.a.j.p.h.s.HTTPSamplerBase: Existing CookieManager HTTP Cookie Manager superseded by HTTP Cookie Manager
2025-12-08 13:01:20,069 INFO o.a.j.t.JMeterThread: Thread is done: Thread Group 1-68
2025-12-08 13:01:20,070 INFO o.a.j.t.JMeterThread: Thread finished: Thread Group 1-68
2025-12-08 13:01:20,132 INFO o.a.j.t.JMeterThread: Thread is done: Thread Group 1-67
2025-12-08 13:01:20,132 INFO o.a.j.t.JMeterThread: Thread finished: Thread Group 1-67
2025-12-08 13:01:20,142 WARN o.a.j.p.h.s.HTTPSamplerBase: Existing CookieManager HTTP Cookie Manager superseded by HTTP Cookie Manager
2025-12-08 13:01:20,158 INFO o.a.j.t.JMeterThread: Thread started: Thread Group 1-77
2025-12-08 13:01:20,171 WARN o.a.j.p.h.s.HTTPSamplerBase: Existing CookieManager HTTP Cookie Manager superseded by HTTP Cookie Manager
2025-12-08 13:01:20,172 WARN o.a.j.p.h.s.HTTPSamplerBase: Existing CookieManager HTTP Cookie Manager superseded by HTTP Cookie Manager
2025-12-08 13:01:20,173 WARN o.a.j.p.h.s.HTTPSamplerBase: Existing CookieManager HTTP Cookie Manager superseded by HTTP Cookie Manager
2025-12-08 13:01:20,185 WARN o.a.j.p.h.s.HTTPSamplerBase: Existing CookieManager HTTP Cookie Manager superseded by HTTP Cookie Manager
2025-12-08 13:01:20,190 WARN o.a.j.p.h.s.HTTPSamplerBase: Existing CookieManager HTTP Cookie Manager superseded by HTTP Cookie Manager
2025-12-08 13:01:20,196 WARN o.a.j.p.h.s.HTTPSamplerBase: Existing CookieManager HTTP Cookie Manager superseded by HTTP Cookie Manager
2025-12-08 13:01:20,250 INFO o.a.j.t.JMeterThread: Thread is done: Thread Group 1-69
2025-12-08 13:01:20,250 INFO o.a.j.t.JMeterThread: Thread finished: Thread Group 1-69
2025-12-08 13:01:20,259 INFO o.a.j.t.JMeterThread: Thread started: Thread Group 1-78
2025-12-08 13:01:20,270 WARN o.a.j.p.h.s.HTTPSamplerBase: Existing CookieManager HTTP Cookie Manager superseded by HTTP Cookie Manager
2025-12-08 13:01:20,310 WARN o.a.j.p.h.s.HTTPSamplerBase: Existing CookieManager HTTP Cookie Manager superseded by HTTP Cookie Manager
2025-12-08 13:01:20,318 WARN o.a.j.p.h.s.HTTPSamplerBase: Existing CookieManager HTTP Cookie Manager superseded by HTTP Cookie Manager
2025-12-08 13:01:20,329 INFO o.a.j.t.JMeterThread: Thread is done: Thread Group 1-70
2025-12-08 13:01:20,329 INFO o.a.j.t.JMeterThread: Thread finished: Thread Group 1-70
2025-12-08 13:01:20,345 WARN o.a.j.p.h.s.HTTPSamplerBase: Existing CookieManager HTTP Cookie Manager superseded by HTTP Cookie Manager
2025-12-08 13:01:20,354 WARN o.a.j.p.h.s.HTTPSamplerBase: Existing CookieManager HTTP Cookie Manager superseded by HTTP Cookie Manager
2025-12-08 13:01:20,359 INFO o.a.j.t.JMeterThread: Thread started: Thread Group 1-79
2025-12-08 13:01:20,363 WARN o.a.j.p.h.s.HTTPSamplerBase: Existing CookieManager HTTP Cookie Manager superseded by HTTP Cookie Manager
2025-12-08 13:01:20,369 WARN o.a.j.p.h.s.HTTPSamplerBase: Existing CookieManager HTTP Cookie Manager superseded by HTTP Cookie Manager
2025-12-08 13:01:20,427 WARN o.a.j.p.h.s.HTTPSamplerBase: Existing CookieManager HTTP Cookie Manager superseded by HTTP Cookie Manager
2025-12-08 13:01:20,459 INFO o.a.j.t.JMeterThread: Thread started: Thread Group 1-80
2025-12-08 13:01:20,467 WARN o.a.j.p.h.s.HTTPSamplerBase: Existing CookieManager HTTP Cookie Manager superseded by HTTP Cookie Manager
2025-12-08 13:01:20,483 INFO o.a.j.t.JMeterThread: Thread is done: Thread Group 1-71
2025-12-08 13:01:20,483 INFO o.a.j.t.JMeterThread: Thread finished: Thread Group 1-71
2025-12-08 13:01:20,492 WARN o.a.j.p.h.s.HTTPSamplerBase: Existing CookieManager HTTP Cookie Manager superseded by HTTP Cookie Manager
2025-12-08 13:01:20,498 WARN o.a.j.p.h.s.HTTPSamplerBase: Existing CookieManager HTTP Cookie Manager superseded by HTTP Cookie Manager
2025-12-08 13:01:20,505 WARN o.a.j.p.h.s.HTTPSamplerBase: Existing CookieManager HTTP Cookie Manager superseded by HTTP Cookie Manager
2025-12-08 13:01:20,516 WARN o.a.j.p.h.s.HTTPSamplerBase: Existing CookieManager HTTP Cookie Manager superseded by HTTP Cookie Manager
2025-12-08 13:01:20,526 INFO o.a.j.t.JMeterThread: Thread is done: Thread Group 1-72
2025-12-08 13:01:20,526 INFO o.a.j.t.JMeterThread: Thread finished: Thread Group 1-72
2025-12-08 13:01:20,531 WARN o.a.j.p.h.s.HTTPSamplerBase: Existing CookieManager HTTP Cookie Manager superseded by HTTP Cookie Manager
2025-12-08 13:01:20,558 INFO o.a.j.t.JMeterThread: Thread started: Thread Group 1-81
2025-12-08 13:01:20,608 WARN o.a.j.p.h.s.HTTPSamplerBase: Existing CookieManager HTTP Cookie Manager superseded by HTTP Cookie Manager
2025-12-08 13:01:20,646 WARN o.a.j.p.h.s.HTTPSamplerBase: Existing CookieManager HTTP Cookie Manager superseded by HTTP Cookie Manager
2025-12-08 13:01:20,660 INFO o.a.j.t.JMeterThread: Thread started: Thread Group 1-82
2025-12-08 13:01:20,682 WARN o.a.j.p.h.s.HTTPSamplerBase: Existing CookieManager HTTP Cookie Manager superseded by HTTP Cookie Manager
2025-12-08 13:01:20,687 INFO o.a.j.t.JMeterThread: Thread is done: Thread Group 1-73
2025-12-08 13:01:20,687 INFO o.a.j.t.JMeterThread: Thread finished: Thread Group 1-73
2025-12-08 13:01:20,697 INFO o.a.j.t.JMeterThread: Thread is done: Thread Group 1-74
2025-12-08 13:01:20,697 INFO o.a.j.t.JMeterThread: Thread finished: Thread Group 1-74
2025-12-08 13:01:20,714 WARN o.a.j.p.h.s.HTTPSamplerBase: Existing CookieManager HTTP Cookie Manager superseded by HTTP Cookie Manager
2025-12-08 13:01:20,715 WARN o.a.j.p.h.s.HTTPSamplerBase: Existing CookieManager HTTP Cookie Manager superseded by HTTP Cookie Manager
2025-12-08 13:01:20,729 WARN o.a.j.p.h.s.HTTPSamplerBase: Existing CookieManager HTTP Cookie Manager superseded by HTTP Cookie Manager
2025-12-08 13:01:20,745 WARN o.a.j.p.h.s.HTTPSamplerBase: Existing CookieManager HTTP Cookie Manager superseded by HTTP Cookie Manager
2025-12-08 13:01:20,759 INFO o.a.j.t.JMeterThread: Thread started: Thread Group 1-83
2025-12-08 13:01:20,770 WARN o.a.j.p.h.s.HTTPSamplerBase: Existing CookieManager HTTP Cookie Manager superseded by HTTP Cookie Manager
2025-12-08 13:01:20,808 WARN o.a.j.p.h.s.HTTPSamplerBase: Existing CookieManager HTTP Cookie Manager superseded by HTTP Cookie Manager
2025-12-08 13:01:20,829 WARN o.a.j.p.h.s.HTTPSamplerBase: Existing CookieManager HTTP Cookie Manager superseded by HTTP Cookie Manager
2025-12-08 13:01:20,859 INFO o.a.j.t.JMeterThread: Thread started: Thread Group 1-84
2025-12-08 13:01:20,885 INFO o.a.j.t.JMeterThread: Thread is done: Thread Group 1-75
2025-12-08 13:01:20,886 INFO o.a.j.t.JMeterThread: Thread finished: Thread Group 1-75
2025-12-08 13:01:20,886 WARN o.a.j.p.h.s.HTTPSamplerBase: Existing CookieManager HTTP Cookie Manager superseded by HTTP Cookie Manager
2025-12-08 13:01:20,890 WARN o.a.j.p.h.s.HTTPSamplerBase: Existing CookieManager HTTP Cookie Manager superseded by HTTP Cookie Manager
2025-12-08 13:01:20,898 INFO o.a.j.t.JMeterThread: Thread is done: Thread Group 1-76
2025-12-08 13:01:20,898 INFO o.a.j.t.JMeterThread: Thread finished: Thread Group 1-76
2025-12-08 13:01:20,917 WARN o.a.j.p.h.s.HTTPSamplerBase: Existing CookieManager HTTP Cookie Manager superseded by HTTP Cookie Manager
2025-12-08 13:01:20,933 WARN o.a.j.p.h.s.HTTPSamplerBase: Existing CookieManager HTTP Cookie Manager superseded by HTTP Cookie Manager
2025-12-08 13:01:20,948 WARN o.a.j.p.h.s.HTTPSamplerBase: Existing CookieManager HTTP Cookie Manager superseded by HTTP Cookie Manager
2025-12-08 13:01:20,959 INFO o.a.j.t.JMeterThread: Thread started: Thread Group 1-85
2025-12-08 13:01:20,974 WARN o.a.j.p.h.s.HTTPSamplerBase: Existing CookieManager HTTP Cookie Manager superseded by HTTP Cookie Manager
2025-12-08 13:01:21,036 WARN o.a.j.p.h.s.HTTPSamplerBase: Existing CookieManager HTTP Cookie Manager superseded by HTTP Cookie Manager
2025-12-08 13:01:21,037 WARN o.a.j.p.h.s.HTTPSamplerBase: Existing CookieManager HTTP Cookie Manager superseded by HTTP Cookie Manager
2025-12-08 13:01:21,059 INFO o.a.j.t.JMeterThread: Thread started: Thread Group 1-86
2025-12-08 13:01:21,094 INFO o.a.j.t.JMeterThread: Thread is done: Thread Group 1-77
2025-12-08 13:01:21,094 INFO o.a.j.t.JMeterThread: Thread finished: Thread Group 1-77
2025-12-08 13:01:21,097 WARN o.a.j.p.h.s.HTTPSamplerBase: Existing CookieManager HTTP Cookie Manager superseded by HTTP Cookie Manager
2025-12-08 13:01:21,099 INFO o.a.j.t.JMeterThread: Thread is done: Thread Group 1-78
2025-12-08 13:01:21,099 INFO o.a.j.t.JMeterThread: Thread finished: Thread Group 1-78
2025-12-08 13:01:21,106 WARN o.a.j.p.h.s.HTTPSamplerBase: Existing CookieManager HTTP Cookie Manager superseded by HTTP Cookie Manager
2025-12-08 13:01:21,109 WARN o.a.j.p.h.s.HTTPSamplerBase: Existing CookieManager HTTP Cookie Manager superseded by HTTP Cookie Manager
2025-12-08 13:01:21,149 WARN o.a.j.p.h.s.HTTPSamplerBase: Existing CookieManager HTTP Cookie Manager superseded by HTTP Cookie Manager
2025-12-08 13:01:21,149 WARN o.a.j.p.h.s.HTTPSamplerBase: Existing CookieManager HTTP Cookie Manager superseded by HTTP Cookie Manager
2025-12-08 13:01:21,159 INFO o.a.j.t.JMeterThread: Thread started: Thread Group 1-87
2025-12-08 13:01:21,244 WARN o.a.j.p.h.s.HTTPSamplerBase: Existing CookieManager HTTP Cookie Manager superseded by HTTP Cookie Manager
2025-12-08 13:01:21,248 WARN o.a.j.p.h.s.HTTPSamplerBase: Existing CookieManager HTTP Cookie Manager superseded by HTTP Cookie Manager
2025-12-08 13:01:21,249 WARN o.a.j.p.h.s.HTTPSamplerBase: Existing CookieManager HTTP Cookie Manager superseded by HTTP Cookie Manager
2025-12-08 13:01:21,259 INFO o.a.j.t.JMeterThread: Thread started: Thread Group 1-88
2025-12-08 13:01:21,282 INFO o.a.j.t.JMeterThread: Thread is done: Thread Group 1-80
2025-12-08 13:01:21,282 INFO o.a.j.t.JMeterThread: Thread finished: Thread Group 1-80
2025-12-08 13:01:21,285 INFO o.a.j.t.JMeterThread: Thread is done: Thread Group 1-79
2025-12-08 13:01:21,285 INFO o.a.j.t.JMeterThread: Thread finished: Thread Group 1-79
2025-12-08 13:01:21,287 WARN o.a.j.p.h.s.HTTPSamplerBase: Existing CookieManager HTTP Cookie Manager superseded by HTTP Cookie Manager
2025-12-08 13:01:21,290 WARN o.a.j.p.h.s.HTTPSamplerBase: Existing CookieManager HTTP Cookie Manager superseded by HTTP Cookie Manager
2025-12-08 13:01:21,339 WARN o.a.j.p.h.s.HTTPSamplerBase: Existing CookieManager HTTP Cookie Manager superseded by HTTP Cookie Manager
2025-12-08 13:01:21,359 INFO o.a.j.t.JMeterThread: Thread started: Thread Group 1-89
2025-12-08 13:01:21,365 WARN o.a.j.p.h.s.HTTPSamplerBase: Existing CookieManager HTTP Cookie Manager superseded by HTTP Cookie Manager
2025-12-08 13:01:21,419 WARN o.a.j.p.h.s.HTTPSamplerBase: Existing CookieManager HTTP Cookie Manager superseded by HTTP Cookie Manager
2025-12-08 13:01:21,420 WARN o.a.j.p.h.s.HTTPSamplerBase: Existing CookieManager HTTP Cookie Manager superseded by HTTP Cookie Manager
2025-12-08 13:01:21,425 WARN o.a.j.p.h.s.HTTPSamplerBase: Existing CookieManager HTTP Cookie Manager superseded by HTTP Cookie Manager
2025-12-08 13:01:21,453 WARN o.a.j.p.h.s.HTTPSamplerBase: Existing CookieManager HTTP Cookie Manager superseded by HTTP Cookie Manager
2025-12-08 13:01:21,458 INFO o.a.j.t.JMeterThread: Thread started: Thread Group 1-90
2025-12-08 13:01:21,458 WARN o.a.j.p.h.s.HTTPSamplerBase: Existing CookieManager HTTP Cookie Manager superseded by HTTP Cookie Manager
2025-12-08 13:01:21,503 WARN o.a.j.p.h.s.HTTPSamplerBase: Existing CookieManager HTTP Cookie Manager superseded by HTTP Cookie Manager
2025-12-08 13:01:21,504 WARN o.a.j.p.h.s.HTTPSamplerBase: Existing CookieManager HTTP Cookie Manager superseded by HTTP Cookie Manager
2025-12-08 13:01:21,506 INFO o.a.j.t.JMeterThread: Thread is done: Thread Group 1-81
2025-12-08 13:01:21,506 INFO o.a.j.t.JMeterThread: Thread finished: Thread Group 1-81
2025-12-08 13:01:21,531 WARN o.a.j.p.h.s.HTTPSamplerBase: Existing CookieManager HTTP Cookie Manager superseded by HTTP Cookie Manager
2025-12-08 13:01:21,559 INFO o.a.j.t.JMeterThread: Thread started: Thread Group 1-91
2025-12-08 13:01:21,568 WARN o.a.j.p.h.s.HTTPSamplerBase: Existing CookieManager HTTP Cookie Manager superseded by HTTP Cookie Manager
2025-12-08 13:01:21,611 INFO o.a.j.t.JMeterThread: Thread is done: Thread Group 1-82
2025-12-08 13:01:21,611 INFO o.a.j.t.JMeterThread: Thread finished: Thread Group 1-82
2025-12-08 13:01:21,616 INFO o.a.j.t.JMeterThread: Thread is done: Thread Group 1-83
2025-12-08 13:01:21,616 INFO o.a.j.t.JMeterThread: Thread finished: Thread Group 1-83
2025-12-08 13:01:21,619 WARN o.a.j.p.h.s.HTTPSamplerBase: Existing CookieManager HTTP Cookie Manager superseded by HTTP Cookie Manager
2025-12-08 13:01:21,632 WARN o.a.j.p.h.s.HTTPSamplerBase: Existing CookieManager HTTP Cookie Manager superseded by HTTP Cookie Manager
2025-12-08 13:01:21,647 WARN o.a.j.p.h.s.HTTPSamplerBase: Existing CookieManager HTTP Cookie Manager superseded by HTTP Cookie Manager
2025-12-08 13:01:21,660 INFO o.a.j.t.JMeterThread: Thread started: Thread Group 1-92
2025-12-08 13:01:21,666 WARN o.a.j.p.h.s.HTTPSamplerBase: Existing CookieManager HTTP Cookie Manager superseded by HTTP Cookie Manager
2025-12-08 13:01:21,678 WARN o.a.j.p.h.s.HTTPSamplerBase: Existing CookieManager HTTP Cookie Manager superseded by HTTP Cookie Manager
2025-12-08 13:01:21,699 WARN o.a.j.p.h.s.HTTPSamplerBase: Existing CookieManager HTTP Cookie Manager superseded by HTTP Cookie Manager
2025-12-08 13:01:21,732 WARN o.a.j.p.h.s.HTTPSamplerBase: Existing CookieManager HTTP Cookie Manager superseded by HTTP Cookie Manager
2025-12-08 13:01:21,760 INFO o.a.j.t.JMeterThread: Thread started: Thread Group 1-93
2025-12-08 13:01:21,780 INFO o.a.j.t.JMeterThread: Thread is done: Thread Group 1-84
2025-12-08 13:01:21,780 INFO o.a.j.t.JMeterThread: Thread finished: Thread Group 1-84
2025-12-08 13:01:21,781 WARN o.a.j.p.h.s.HTTPSamplerBase: Existing CookieManager HTTP Cookie Manager superseded by HTTP Cookie Manager
2025-12-08 13:01:21,784 WARN o.a.j.p.h.s.HTTPSamplerBase: Existing CookieManager HTTP Cookie Manager superseded by HTTP Cookie Manager
2025-12-08 13:01:21,807 WARN o.a.j.p.h.s.HTTPSamplerBase: Existing CookieManager HTTP Cookie Manager superseded by HTTP Cookie Manager
2025-12-08 13:01:21,810 WARN o.a.j.p.h.s.HTTPSamplerBase: Existing CookieManager HTTP Cookie Manager superseded by HTTP Cookie Manager
2025-12-08 13:01:21,855 INFO o.a.j.t.JMeterThread: Thread is done: Thread Group 1-85
2025-12-08 13:01:21,855 INFO o.a.j.t.JMeterThread: Thread finished: Thread Group 1-85
2025-12-08 13:01:21,860 INFO o.a.j.t.JMeterThread: Thread started: Thread Group 1-94
2025-12-08 13:01:21,878 WARN o.a.j.p.h.s.HTTPSamplerBase: Existing CookieManager HTTP Cookie Manager superseded by HTTP Cookie Manager
2025-12-08 13:01:21,909 WARN o.a.j.p.h.s.HTTPSamplerBase: Existing CookieManager HTTP Cookie Manager superseded by HTTP Cookie Manager
2025-12-08 13:01:21,911 WARN o.a.j.p.h.s.HTTPSamplerBase: Existing CookieManager HTTP Cookie Manager superseded by HTTP Cookie Manager
2025-12-08 13:01:21,917 WARN o.a.j.p.h.s.HTTPSamplerBase: Existing CookieManager HTTP Cookie Manager superseded by HTTP Cookie Manager
2025-12-08 13:01:21,939 WARN o.a.j.p.h.s.HTTPSamplerBase: Existing CookieManager HTTP Cookie Manager superseded by HTTP Cookie Manager
2025-12-08 13:01:21,960 INFO o.a.j.t.JMeterThread: Thread started: Thread Group 1-95
2025-12-08 13:01:21,971 INFO o.a.j.t.JMeterThread: Thread is done: Thread Group 1-86
2025-12-08 13:01:21,971 INFO o.a.j.t.JMeterThread: Thread finished: Thread Group 1-86
2025-12-08 13:01:21,974 WARN o.a.j.p.h.s.HTTPSamplerBase: Existing CookieManager HTTP Cookie Manager superseded by HTTP Cookie Manager
2025-12-08 13:01:22,008 WARN o.a.j.p.h.s.HTTPSamplerBase: Existing CookieManager HTTP Cookie Manager superseded by HTTP Cookie Manager
2025-12-08 13:01:22,012 WARN o.a.j.p.h.s.HTTPSamplerBase: Existing CookieManager HTTP Cookie Manager superseded by HTTP Cookie Manager
2025-12-08 13:01:22,024 WARN o.a.j.p.h.s.HTTPSamplerBase: Existing CookieManager HTTP Cookie Manager superseded by HTTP Cookie Manager
2025-12-08 13:01:22,060 INFO o.a.j.t.JMeterThread: Thread started: Thread Group 1-96
2025-12-08 13:01:22,076 WARN o.a.j.p.h.s.HTTPSamplerBase: Existing CookieManager HTTP Cookie Manager superseded by HTTP Cookie Manager
2025-12-08 13:01:22,077 INFO o.a.j.t.JMeterThread: Thread is done: Thread Group 1-87
2025-12-08 13:01:22,077 WARN o.a.j.p.h.s.HTTPSamplerBase: Existing CookieManager HTTP Cookie Manager superseded by HTTP Cookie Manager
2025-12-08 13:01:22,077 INFO o.a.j.t.JMeterThread: Thread finished: Thread Group 1-87
2025-12-08 13:01:22,140 WARN o.a.j.p.h.s.HTTPSamplerBase: Existing CookieManager HTTP Cookie Manager superseded by HTTP Cookie Manager
2025-12-08 13:01:22,141 WARN o.a.j.p.h.s.HTTPSamplerBase: Existing CookieManager HTTP Cookie Manager superseded by HTTP Cookie Manager
2025-12-08 13:01:22,144 INFO o.a.j.t.JMeterThread: Thread is done: Thread Group 1-88
2025-12-08 13:01:22,144 INFO o.a.j.t.JMeterThread: Thread finished: Thread Group 1-88
2025-12-08 13:01:22,151 WARN o.a.j.p.h.s.HTTPSamplerBase: Existing CookieManager HTTP Cookie Manager superseded by HTTP Cookie Manager
2025-12-08 13:01:22,160 INFO o.a.j.t.JMeterThread: Thread is done: Thread Group 1-89
2025-12-08 13:01:22,160 INFO o.a.j.t.JMeterThread: Thread finished: Thread Group 1-89
2025-12-08 13:01:22,161 INFO o.a.j.t.JMeterThread: Thread started: Thread Group 1-97
2025-12-08 13:01:22,200 WARN o.a.j.p.h.s.HTTPSamplerBase: Existing CookieManager HTTP Cookie Manager superseded by HTTP Cookie Manager
2025-12-08 13:01:22,206 WARN o.a.j.p.h.s.HTTPSamplerBase: Existing CookieManager HTTP Cookie Manager superseded by HTTP Cookie Manager
2025-12-08 13:01:22,210 WARN o.a.j.p.h.s.HTTPSamplerBase: Existing CookieManager HTTP Cookie Manager superseded by HTTP Cookie Manager
2025-12-08 13:01:22,210 WARN o.a.j.p.h.s.HTTPSamplerBase: Existing CookieManager HTTP Cookie Manager superseded by HTTP Cookie Manager
2025-12-08 13:01:22,261 INFO o.a.j.t.JMeterThread: Thread started: Thread Group 1-98
2025-12-08 13:01:22,305 WARN o.a.j.p.h.s.HTTPSamplerBase: Existing CookieManager HTTP Cookie Manager superseded by HTTP Cookie Manager
2025-12-08 13:01:22,320 WARN o.a.j.p.h.s.HTTPSamplerBase: Existing CookieManager HTTP Cookie Manager superseded by HTTP Cookie Manager
2025-12-08 13:01:22,355 INFO o.a.j.t.JMeterThread: Thread is done: Thread Group 1-91
2025-12-08 13:01:22,355 INFO o.a.j.t.JMeterThread: Thread finished: Thread Group 1-91
2025-12-08 13:01:22,360 INFO o.a.j.t.JMeterThread: Thread started: Thread Group 1-99
2025-12-08 13:01:22,360 WARN o.a.j.p.h.s.HTTPSamplerBase: Existing CookieManager HTTP Cookie Manager superseded by HTTP Cookie Manager
2025-12-08 13:01:22,364 WARN o.a.j.p.h.s.HTTPSamplerBase: Existing CookieManager HTTP Cookie Manager superseded by HTTP Cookie Manager
2025-12-08 13:01:22,366 WARN o.a.j.p.h.s.HTTPSamplerBase: Existing CookieManager HTTP Cookie Manager superseded by HTTP Cookie Manager
2025-12-08 13:01:22,374 INFO o.a.j.t.JMeterThread: Thread is done: Thread Group 1-90
2025-12-08 13:01:22,374 INFO o.a.j.t.JMeterThread: Thread finished: Thread Group 1-90
2025-12-08 13:01:22,375 WARN o.a.j.p.h.s.HTTPSamplerBase: Existing CookieManager HTTP Cookie Manager superseded by HTTP Cookie Manager
2025-12-08 13:01:22,447 WARN o.a.j.p.h.s.HTTPSamplerBase: Existing CookieManager HTTP Cookie Manager superseded by HTTP Cookie Manager
2025-12-08 13:01:22,461 WARN o.a.j.p.h.s.HTTPSamplerBase: Existing CookieManager HTTP Cookie Manager superseded by HTTP Cookie Manager
2025-12-08 13:01:22,462 INFO o.a.j.t.JMeterThread: Thread started: Thread Group 1-100
2025-12-08 13:01:22,491 WARN o.a.j.p.h.s.HTTPSamplerBase: Existing CookieManager HTTP Cookie Manager superseded by HTTP Cookie Manager
2025-12-08 13:01:22,531 WARN o.a.j.p.h.s.HTTPSamplerBase: Existing CookieManager HTTP Cookie Manager superseded by HTTP Cookie Manager
2025-12-08 13:01:22,543 INFO o.a.j.t.JMeterThread: Thread is done: Thread Group 1-93
2025-12-08 13:01:22,543 INFO o.a.j.t.JMeterThread: Thread finished: Thread Group 1-93
2025-12-08 13:01:22,543 WARN o.a.j.p.h.s.HTTPSamplerBase: Existing CookieManager HTTP Cookie Manager superseded by HTTP Cookie Manager
2025-12-08 13:01:22,552 INFO o.a.j.t.JMeterThread: Thread is done: Thread Group 1-92
2025-12-08 13:01:22,552 INFO o.a.j.t.JMeterThread: Thread finished: Thread Group 1-92
2025-12-08 13:01:22,618 WARN o.a.j.p.h.s.HTTPSamplerBase: Existing CookieManager HTTP Cookie Manager superseded by HTTP Cookie Manager
2025-12-08 13:01:22,622 WARN o.a.j.p.h.s.HTTPSamplerBase: Existing CookieManager HTTP Cookie Manager superseded by HTTP Cookie Manager
2025-12-08 13:01:22,643 WARN o.a.j.p.h.s.HTTPSamplerBase: Existing CookieManager HTTP Cookie Manager superseded by HTTP Cookie Manager
2025-12-08 13:01:22,651 WARN o.a.j.p.h.s.HTTPSamplerBase: Existing CookieManager HTTP Cookie Manager superseded by HTTP Cookie Manager
2025-12-08 13:01:22,671 WARN o.a.j.p.h.s.HTTPSamplerBase: Existing CookieManager HTTP Cookie Manager superseded by HTTP Cookie Manager
2025-12-08 13:01:22,715 WARN o.a.j.p.h.s.HTTPSamplerBase: Existing CookieManager HTTP Cookie Manager superseded by HTTP Cookie Manager
2025-12-08 13:01:22,718 INFO o.a.j.t.JMeterThread: Thread is done: Thread Group 1-94
2025-12-08 13:01:22,718 INFO o.a.j.t.JMeterThread: Thread finished: Thread Group 1-94
2025-12-08 13:01:22,813 WARN o.a.j.p.h.s.HTTPSamplerBase: Existing CookieManager HTTP Cookie Manager superseded by HTTP Cookie Manager
2025-12-08 13:01:22,815 WARN o.a.j.p.h.s.HTTPSamplerBase: Existing CookieManager HTTP Cookie Manager superseded by HTTP Cookie Manager
2025-12-08 13:01:22,817 INFO o.a.j.t.JMeterThread: Thread is done: Thread Group 1-95
2025-12-08 13:01:22,817 INFO o.a.j.t.JMeterThread: Thread finished: Thread Group 1-95
2025-12-08 13:01:22,818 WARN o.a.j.p.h.s.HTTPSamplerBase: Existing CookieManager HTTP Cookie Manager superseded by HTTP Cookie Manager
2025-12-08 13:01:22,820 WARN o.a.j.p.h.s.HTTPSamplerBase: Existing CookieManager HTTP Cookie Manager superseded by HTTP Cookie Manager
2025-12-08 13:01:22,889 WARN o.a.j.p.h.s.HTTPSamplerBase: Existing CookieManager HTTP Cookie Manager superseded by HTTP Cookie Manager
2025-12-08 13:01:23,002 INFO o.a.j.t.JMeterThread: Thread is done: Thread Group 1-96
2025-12-08 13:01:23,002 INFO o.a.j.t.JMeterThread: Thread finished: Thread Group 1-96
2025-12-08 13:01:23,004 WARN o.a.j.p.h.s.HTTPSamplerBase: Existing CookieManager HTTP Cookie Manager superseded by HTTP Cookie Manager
2025-12-08 13:01:23,027 INFO o.a.j.t.JMeterThread: Thread is done: Thread Group 1-97
2025-12-08 13:01:23,027 INFO o.a.j.t.JMeterThread: Thread finished: Thread Group 1-97
2025-12-08 13:01:23,050 WARN o.a.j.p.h.s.HTTPSamplerBase: Existing CookieManager HTTP Cookie Manager superseded by HTTP Cookie Manager
2025-12-08 13:01:23,065 WARN o.a.j.p.h.s.HTTPSamplerBase: Existing CookieManager HTTP Cookie Manager superseded by HTTP Cookie Manager
2025-12-08 13:01:23,135 INFO o.a.j.t.JMeterThread: Thread is done: Thread Group 1-98
2025-12-08 13:01:23,135 INFO o.a.j.t.JMeterThread: Thread finished: Thread Group 1-98
2025-12-08 13:01:23,269 INFO o.a.j.t.JMeterThread: Thread is done: Thread Group 1-99
2025-12-08 13:01:23,269 INFO o.a.j.t.JMeterThread: Thread finished: Thread Group 1-99
2025-12-08 13:01:23,288 WARN o.a.j.p.h.s.HTTPSamplerBase: Existing CookieManager HTTP Cookie Manager superseded by HTTP Cookie Manager
2025-12-08 13:01:23,494 INFO o.a.j.t.JMeterThread: Thread is done: Thread Group 1-100
2025-12-08 13:01:23,494 INFO o.a.j.t.JMeterThread: Thread finished: Thread Group 1-100
2025-12-08 13:01:23,494 INFO o.a.j.e.StandardJMeterEngine: Notifying test listeners of end of test
2025-12-08 13:01:23,497 INFO o.a.j.r.Summariser: summary =   4000 in 00:00:11 =  364.4/s Avg:    22 Min:     2 Max:   173 Err:     0 (0.00%)
